 2 2012-02-29UT20_27_45.81215195.sanae.vr2  2012-02-29UT20:27:48.245    37  2012-02-29UT20:27:48.297     6
 1 2012-03-03UT04_49_14.82335188.sanae.vr2  2012-03-03UT04:49:17.289   128
 3 2012-03-15UT05_14_54.89958109.sanae.vr2  2012-03-15UT05:14:57.323   114  2012-03-15UT05:14:57.377    96  2012-03-15UT05:14:57.421   140
 2 2012-03-15UT05_25_45.44678109.sanae.vr2  2012-03-15UT05:25:47.856    98  2012-03-15UT05:25:47.908    41
 1 2012-03-15UT05_25_45.44678109.sanae.vr2  2012-03-15UT05:25:48.052    89
 1 2012-03-16UT05_04_06.29798109.sanae.vr2  2012-03-16UT05:04:08.703    97
 3 2012-03-16UT05_04_06.29798109.sanae.vr2  2012-03-16UT05:04:10.209    94  2012-03-16UT05:04:10.249     8  2012-03-16UT05:04:10.281    43
 1 2012-03-16UT07_55_28.28198109.sanae.vr2  2012-03-16UT07:55:30.729   186
 3 2012-03-16UT08_14_48.98598109.sanae.vr2  2012-03-16UT08:14:51.469   131  2012-03-16UT08:14:51.543    47  2012-03-16UT08:14:51.609    23
 3 2012-03-22UT16_17_18.79718109.sanae.vr2  2012-03-22UT16:17:21.125    90  2012-03-22UT16:17:21.153   210  2012-03-22UT16:17:21.217    74
 1 2012-03-23UT21_25_51.38598109.sanae.vr2  2012-03-23UT21:25:53.741   101
 1 2012-03-23UT21_25_51.38598109.sanae.vr2  2012-03-23UT21:25:53.997    91
 1 2012-03-23UT21_25_51.38598109.sanae.vr2  2012-03-23UT21:25:54.289    35
 4 2012-03-23UT23_56_19.99398109.sanae.vr2  2012-03-23UT23:56:25.178    29  2012-03-23UT23:56:25.250   216  2012-03-23UT23:56:25.314     8  2012-03-23UT23:56:25.362   110
 3 2012-03-23UT23_56_19.99398109.sanae.vr2  2012-03-23UT23:56:25.646   244  2012-03-23UT23:56:25.718    39  2012-03-23UT23:56:25.758    42
 5 2012-03-28UT05_09_21.28038109.sanae.vr2  2012-03-28UT05:09:23.674    50  2012-03-28UT05:09:23.712   171  2012-03-28UT05:09:23.742   249  2012-03-28UT05:09:23.792    12  2012-03-28UT05:09:23.824    25
 1 2012-03-31UT05_46_52.33958117.sanae.vr2  2012-03-31UT05:46:54.801    10
 1 2012-03-31UT05_46_52.33958117.sanae.vr2  2012-03-31UT05:46:55.275    57
 1 2012-04-11UT08_15_57.69638109.sanae.vr2  2012-04-11UT08:16:00.016    48
 2 2012-04-11UT08_15_57.69638109.sanae.vr2  2012-04-11UT08:16:00.144    15  2012-04-11UT08:16:00.190    51
 2 2012-04-23UT04_09_57.96518125.sanae.vr2  2012-04-23UT04:10:00.393    69  2012-04-23UT04:10:00.429    87
 1 2012-04-23UT04_09_57.96518125.sanae.vr2  2012-04-23UT04:10:00.908    34
 2 2012-04-27UT02_35_32.78758109.sanae.vr2  2012-04-27UT02:35:35.141    93  2012-04-27UT02:35:35.189    41
 2 2012-04-27UT02_36_15.18118109.sanae.vr2  2012-04-27UT02:36:17.508    55  2012-04-27UT02:36:17.546    36
 2 2012-04-29UT05_11_40.64678117.sanae.vr2  2012-04-29UT05:11:41.715    10  2012-04-29UT05:11:41.745    34
 2 2012-05-06UT02_32_15.15558133.sanae.vr2  2012-05-06UT02:32:17.599   104  2012-05-06UT02:32:17.643    49
 2 2012-05-06UT03_08_19.78918125.sanae.vr2  2012-05-06UT03:08:22.213    10  2012-05-06UT03:08:22.308    93
 1 2012-05-06UT03_08_19.78918125.sanae.vr2  2012-05-06UT03:08:22.416    21
 1 2012-05-06UT04_25_08.60838125.sanae.vr2  2012-05-06UT04:25:11.275    33
 3 2012-05-06UT04_25_08.60838125.sanae.vr2  2012-05-06UT04:25:11.419   111  2012-05-06UT04:25:11.457    41  2012-05-06UT04:25:11.493    25
 1 2012-05-06UT04_25_08.60838125.sanae.vr2  2012-05-06UT04:25:11.599    20
 2 2012-05-06UT04_25_08.81318125.sanae.vr2  2012-05-06UT04:25:11.251    18  2012-05-06UT04:25:11.277     9
 3 2012-05-06UT04_25_08.81318125.sanae.vr2  2012-05-06UT04:25:11.419    88  2012-05-06UT04:25:11.459    41  2012-05-06UT04:25:11.495    26
 1 2012-05-06UT04_25_08.81318125.sanae.vr2  2012-05-06UT04:25:11.601     9
 2 2012-05-06UT07_39_17.12038133.sanae.vr2  2012-05-06UT07:39:19.565    31  2012-05-06UT07:39:19.621    49
 2 2012-05-06UT07_39_24.69798125.sanae.vr2  2012-05-06UT07:39:27.105    30  2012-05-06UT07:39:27.133    56
 2 2012-05-07UT03_49_13.60038125.sanae.vr2  2012-05-07UT03:49:16.010    44  2012-05-07UT03:49:16.058    18
 1 2012-05-07UT03_49_13.60038125.sanae.vr2  2012-05-07UT03:49:16.339    22
 1 2012-05-07UT03_49_13.60038125.sanae.vr2  2012-05-07UT03:49:16.505   100
 2 2012-05-07UT18_33_20.58918125.sanae.vr2  2012-05-07UT18:33:22.963     2  2012-05-07UT18:33:23.049   103
 1 2012-05-07UT18_35_59.71878125.sanae.vr2  2012-05-07UT18:36:02.150   116
 3 2012-05-08UT02_26_11.73798125.sanae.vr2  2012-05-08UT02:26:14.148    61  2012-05-08UT02:26:14.192    92  2012-05-08UT02:26:14.278    36
 1 2012-05-08UT02_26_11.73798125.sanae.vr2  2012-05-08UT02:26:14.466    10
 1 2012-05-08UT02_56_19.60998133.sanae.vr2  2012-05-08UT02:56:22.018    89
 1 2012-05-08UT02_56_19.60998133.sanae.vr2  2012-05-08UT02:56:22.206    34
 1 2012-05-08UT05_01_51.94918133.sanae.vr2  2012-05-08UT05:01:54.405    75
 2 2012-05-08UT05_01_51.94918133.sanae.vr2  2012-05-08UT05:01:54.594    91  2012-05-08UT05:01:54.672     8
 1 2012-05-08UT05_01_51.94918133.sanae.vr2  2012-05-08UT05:01:54.782    83
 2 2012-05-08UT05_01_51.94918133.sanae.vr2  2012-05-08UT05:01:55.808     7  2012-05-08UT05:01:55.894    27
 1 2012-05-08UT05_55_44.92198125.sanae.vr2  2012-05-08UT05:55:47.294    19
 1 2012-05-08UT05_55_44.92198125.sanae.vr2  2012-05-08UT05:55:47.686    95
 2 2012-05-08UT06_13_18.72038133.sanae.vr2  2012-05-08UT06:13:21.150   124  2012-05-08UT06:13:21.186     6
 1 2012-05-08UT06_13_18.72038133.sanae.vr2  2012-05-08UT06:13:21.554    88
 1 2012-05-08UT06_39_05.77958133.sanae.vr2  2012-05-08UT06:39:08.163    26
 1 2012-05-08UT06_39_05.77958133.sanae.vr2  2012-05-08UT06:39:08.541    29
 3 2012-05-09UT06_01_07.17478133.sanae.vr2  2012-05-09UT06:01:09.508     9  2012-05-09UT06:01:09.548     5  2012-05-09UT06:01:09.594   145
 1 2012-05-09UT07_11_18.16998133.sanae.vr2  2012-05-09UT07:11:21.340    84
 1 2012-05-09UT07_49_08.58278133.sanae.vr2  2012-05-09UT07:49:11.058    83
 1 2012-06-02UT04_44_03.09798125.sanae.vr2  2012-06-02UT04:44:05.528     2
 2 2012-06-02UT04_44_03.09798125.sanae.vr2  2012-06-02UT04:44:05.662    66  2012-06-02UT04:44:05.708    77
 1 2012-06-02UT04_44_03.09798125.sanae.vr2  2012-06-02UT04:44:06.278   111
 2 2012-06-02UT04_44_03.09798125.sanae.vr2  2012-06-02UT04:44:06.428     6  2012-06-02UT04:44:06.514    10
 1 2012-06-02UT04_44_03.09798125.sanae.vr2  2012-06-02UT04:44:06.688    10
 1 2012-06-02UT04_44_03.09798125.sanae.vr2  2012-06-02UT04:44:06.830    17
 1 2012-06-02UT04_44_03.09798125.sanae.vr2  2012-06-02UT04:44:06.932    57
 2 2012-06-02UT04_44_03.09798125.sanae.vr2  2012-06-02UT04:44:07.046     8  2012-06-02UT04:44:07.134    60
 1 2012-06-02UT06_04_23.57798125.sanae.vr2  2012-06-02UT06:04:26.970    17
 1 2012-06-02UT06_04_23.57798125.sanae.vr2  2012-06-02UT06:04:27.116     6
 1 2012-06-02UT06_44_22.91238125.sanae.vr2  2012-06-02UT06:44:25.288     3
 1 2012-06-02UT06_44_22.91238125.sanae.vr2  2012-06-02UT06:44:25.470    47
 1 2012-06-02UT06_55_00.55718125.sanae.vr2  2012-06-02UT06:55:04.962    39
 2 2012-06-06UT03_57_49.18438125.sanae.vr2  2012-06-06UT03:57:51.537    95  2012-06-06UT03:57:51.571    93
 2 2012-06-08UT05_20_31.07878125.sanae.vr2  2012-06-08UT05:20:33.404    37  2012-06-08UT05:20:33.466    13
 1 2012-06-09UT11_17_30.18918125.sanae.vr2  2012-06-09UT11:17:32.600   159
 1 2012-06-09UT11_17_30.18918125.sanae.vr2  2012-06-09UT11:17:32.764     8
 1 2012-06-09UT11_17_31.31558125.sanae.vr2  2012-06-09UT11:17:32.600   169
 1 2012-06-09UT11_17_31.31558125.sanae.vr2  2012-06-09UT11:17:32.760     2
 1 2012-06-09UT11_18_53.95238125.sanae.vr2  2012-06-09UT11:18:56.436    80
 2 2012-06-09UT11_18_53.95238125.sanae.vr2  2012-06-09UT11:18:56.594    64  2012-06-09UT11:18:56.628    28
 1 2012-06-10UT00_43_43.94918125.sanae.vr2  2012-06-10UT00:43:46.393    66
 3 2012-06-10UT00_43_43.94918125.sanae.vr2  2012-06-10UT00:43:46.511    25  2012-06-10UT00:43:46.533    28  2012-06-10UT00:43:46.565    11
 1 2012-06-10UT00_43_43.94918125.sanae.vr2  2012-06-10UT00:43:46.669   132
 1 2012-06-12UT19_32_56.80678125.sanae.vr2  2012-06-12UT19:32:59.116    22
 2 2012-06-12UT19_32_56.80678125.sanae.vr2  2012-06-12UT19:32:59.280    35  2012-06-12UT19:32:59.340    62
 2 2012-06-12UT19_32_56.80678125.sanae.vr2  2012-06-12UT19:32:59.600    19  2012-06-12UT19:32:59.666     3
 1 2012-06-24UT08_59_20.19238117.sanae.vr2  2012-06-24UT08:59:22.034     4
 1 2012-06-24UT08_59_20.19238117.sanae.vr2  2012-06-24UT08:59:22.212     4
 1 2012-06-24UT08_59_20.19238117.sanae.vr2  2012-06-24UT08:59:22.610    25
 3 2012-06-24UT08_59_20.19238117.sanae.vr2  2012-06-24UT08:59:25.171    10  2012-06-24UT08:59:25.259    18  2012-06-24UT08:59:25.335    20
 2 2012-06-24UT08_59_20.19238117.sanae.vr2  2012-06-24UT08:59:25.697    36  2012-06-24UT08:59:25.793    58
 3 2012-06-24UT09_07_50.86118117.sanae.vr2  2012-06-24UT09:07:53.469    14  2012-06-24UT09:07:53.525    13  2012-06-24UT09:07:53.563    33
 1 2012-06-24UT09_07_50.86118117.sanae.vr2  2012-06-24UT09:07:53.737    30
 2 2012-06-24UT09_07_50.86118117.sanae.vr2  2012-06-24UT09:07:54.117    49  2012-06-24UT09:07:54.165    72
 1 2012-06-24UT09_07_50.86118117.sanae.vr2  2012-06-24UT09:07:58.319    98
 1 2012-06-24UT09_24_31.20678117.sanae.vr2  2012-06-24UT09:24:33.946    45
 1 2012-06-24UT09_24_31.20678117.sanae.vr2  2012-06-24UT09:24:34.548    45
 1 2012-06-24UT09_48_08.01318117.sanae.vr2  2012-06-24UT09:48:10.735    15
 2 2012-06-24UT10_03_38.11238117.sanae.vr2  2012-06-24UT10:03:42.626    33  2012-06-24UT10:03:42.654    21
 2 2012-06-24UT10_03_38.11238117.sanae.vr2  2012-06-24UT10:03:42.762    16  2012-06-24UT10:03:42.786    20
 1 2012-06-24UT20_04_20.35238117.sanae.vr2  2012-06-24UT20:04:22.785    14
 2 2012-06-24UT20_04_20.35238117.sanae.vr2  2012-06-24UT20:04:22.999    28  2012-06-24UT20:04:23.027    26
 1 2012-06-24UT20_04_20.35238117.sanae.vr2  2012-06-24UT20:04:23.227    14
 2 2012-06-24UT21_57_19.64198117.sanae.vr2  2012-06-24UT21:57:21.894    60  2012-06-24UT21:57:21.926    19
 2 2012-06-24UT21_57_19.64198117.sanae.vr2  2012-06-24UT21:57:22.120   174  2012-06-24UT21:57:22.170    26
 2 2012-06-24UT22_02_04.41638117.sanae.vr2  2012-06-24UT22:02:06.769    59  2012-06-24UT22:02:06.805    14
 1 2012-06-24UT22_02_04.41638117.sanae.vr2  2012-06-24UT22:02:07.013   159
 2 2012-06-24UT22_02_04.41638117.sanae.vr2  2012-06-24UT22:02:07.623    22  2012-06-24UT22:02:07.655    39
 2 2012-06-24UT22_20_18.45798117.sanae.vr2  2012-06-24UT22:20:20.764    13  2012-06-24UT22:20:20.822    32
 1 2012-06-24UT22_20_18.45798117.sanae.vr2  2012-06-24UT22:20:21.056   124
 2 2012-06-24UT22_20_18.45798117.sanae.vr2  2012-06-24UT22:20:21.647    64  2012-06-24UT22:20:21.683    45
 2 2012-06-24UT22_20_18.45798117.sanae.vr2  2012-06-24UT22:20:23.987    56  2012-06-24UT22:20:24.047    23
 2 2012-06-24UT22_20_18.45798117.sanae.vr2  2012-06-24UT22:20:24.287   225  2012-06-24UT22:20:24.335    37
 2 2012-06-24UT22_20_18.45798117.sanae.vr2  2012-06-24UT22:20:24.881    67  2012-06-24UT22:20:24.915    44
 2 2012-06-24UT22_20_21.93958117.sanae.vr2  2012-06-24UT22:20:23.981    68  2012-06-24UT22:20:24.047    45
 2 2012-06-24UT22_20_21.93958117.sanae.vr2  2012-06-24UT22:20:24.287   209  2012-06-24UT22:20:24.335    40
 2 2012-06-24UT22_20_21.93958117.sanae.vr2  2012-06-24UT22:20:24.883    65  2012-06-24UT22:20:24.915    45
 1 2012-06-24UT22_26_29.76038117.sanae.vr2  2012-06-24UT22:26:32.158    41
 1 2012-06-24UT22_26_29.76038117.sanae.vr2  2012-06-24UT22:26:32.408   146
 2 2012-06-24UT22_26_29.76038117.sanae.vr2  2012-06-24UT22:26:32.996    49  2012-06-24UT22:26:33.032   103
 2 2012-06-25UT01_48_29.51718117.sanae.vr2  2012-06-25UT01:48:31.833    14  2012-06-25UT01:48:31.919    74
 3 2012-06-25UT01_48_29.51718117.sanae.vr2  2012-06-25UT01:48:32.047   148  2012-06-25UT01:48:32.079    35  2012-06-25UT01:48:32.121    42
 1 2012-06-25UT01_48_29.51718117.sanae.vr2  2012-06-25UT01:48:32.795     6
 1 2012-06-25UT06_33_38.20198117.sanae.vr2  2012-06-25UT06:33:40.624    26
 1 2012-06-25UT06_33_38.20198117.sanae.vr2  2012-06-25UT06:33:41.160     5
 2 2012-06-25UT06_33_38.20198117.sanae.vr2  2012-06-25UT06:33:41.350    94  2012-06-25UT06:33:41.376    99
 1 2012-06-25UT06_33_38.20198117.sanae.vr2  2012-06-25UT06:33:41.564     2
 1 2012-06-25UT07_25_38.73958125.sanae.vr2  2012-06-25UT07:25:41.103     2
 1 2012-06-25UT07_25_38.73958125.sanae.vr2  2012-06-25UT07:25:41.829   181
 1 2012-06-25UT07_25_38.73958125.sanae.vr2  2012-06-25UT07:25:42.287    31
 1 2012-06-29UT19_31_11.64198125.sanae.vr2  2012-06-29UT19:31:14.034    62
 3 2012-06-29UT19_31_11.64198125.sanae.vr2  2012-06-29UT19:31:14.236    60  2012-06-29UT19:31:14.280    38  2012-06-29UT19:31:14.362    30
 1 2012-06-29UT19_31_11.64198125.sanae.vr2  2012-06-29UT19:31:14.548    18
 3 2012-06-29UT19_31_11.64198125.sanae.vr2  2012-06-29UT19:31:14.663    81  2012-06-29UT19:31:14.715     9  2012-06-29UT19:31:14.737     5
 1 2012-06-29UT19_31_11.64198125.sanae.vr2  2012-06-29UT19:31:14.965     3
 1 2012-06-29UT20_24_36.35238125.sanae.vr2  2012-06-29UT20:24:37.430    17
 5 2012-06-29UT20_24_36.35238125.sanae.vr2  2012-06-29UT20:24:37.794    15  2012-06-29UT20:24:37.822    15  2012-06-29UT20:24:37.876    74  2012-06-29UT20:24:37.922    80  2012-06-29UT20:24:37.978    10
 1 2012-06-29UT20_24_36.35238125.sanae.vr2  2012-06-29UT20:24:38.110   119
 2 2012-06-29UT20_24_36.35238125.sanae.vr2  2012-06-29UT20:24:38.640    53  2012-06-29UT20:24:38.695    24
 2 2012-06-29UT22_53_02.18278125.sanae.vr2  2012-06-29UT22:53:04.556     7  2012-06-29UT22:53:04.606    23
 1 2012-06-30UT15_26_21.64518117.sanae.vr2  2012-06-30UT15:26:24.131     7
 2 2012-06-30UT15_26_38.13158117.sanae.vr2  2012-06-30UT15:26:40.573     3  2012-06-30UT15:26:40.631    28
 1 2012-06-30UT15_27_47.14918117.sanae.vr2  2012-06-30UT15:27:52.809    69
 3 2012-06-30UT16_01_38.86758117.sanae.vr2  2012-06-30UT16:01:41.325    18  2012-06-30UT16:01:41.385    14  2012-06-30UT16:01:41.413    10
 1 2012-06-30UT16_02_08.25638117.sanae.vr2  2012-06-30UT16:02:10.420     9
 2 2012-06-30UT16_02_08.25638117.sanae.vr2  2012-06-30UT16:02:10.722    44  2012-06-30UT16:02:10.780    53
 1 2012-06-30UT16_02_08.25638117.sanae.vr2  2012-06-30UT16:02:10.986    15
 1 2012-06-30UT16_03_50.24678117.sanae.vr2  2012-06-30UT16:03:54.161     2
 1 2012-06-30UT16_03_50.24678117.sanae.vr2  2012-06-30UT16:03:54.263    10
 1 2012-06-30UT16_03_50.24678117.sanae.vr2  2012-06-30UT16:03:54.375     2
 1 2012-06-30UT16_31_48.07078117.sanae.vr2  2012-06-30UT16:31:52.160    34
 1 2012-06-30UT16_32_05.47878117.sanae.vr2  2012-06-30UT16:32:07.944    41
 1 2012-06-30UT16_32_05.47878117.sanae.vr2  2012-06-30UT16:32:08.054     7
 1 2012-06-30UT16_47_08.64678117.sanae.vr2  2012-06-30UT16:47:11.086    33
 1 2012-06-30UT16_47_08.64678117.sanae.vr2  2012-06-30UT16:47:11.268    23
 5 2012-06-30UT16_48_11.00838117.sanae.vr2  2012-06-30UT16:48:13.607     9  2012-06-30UT16:48:13.675     1  2012-06-30UT16:48:13.733    27  2012-06-30UT16:48:13.777    40  2012-06-30UT16:48:13.813    12
 2 2012-06-30UT16_53_52.71718117.sanae.vr2  2012-06-30UT16:53:53.025     3  2012-06-30UT16:53:53.087    26
 3 2012-06-30UT16_53_52.71718117.sanae.vr2  2012-06-30UT16:53:53.207    15  2012-06-30UT16:53:53.249     8  2012-06-30UT16:53:53.343     7
 1 2012-06-30UT16_53_52.71718117.sanae.vr2  2012-06-30UT16:53:56.214     4
 2 2012-06-30UT17_11_42.08038117.sanae.vr2  2012-06-30UT17:11:45.713     1  2012-06-30UT17:11:45.793    10
 1 2012-06-30UT17_11_42.08038117.sanae.vr2  2012-06-30UT17:11:46.001     4
 1 2012-06-30UT17_11_42.08038117.sanae.vr2  2012-06-30UT17:11:46.135    20
 1 2012-06-30UT17_11_43.82118117.sanae.vr2  2012-06-30UT17:11:44.349    11
 3 2012-06-30UT17_11_43.82118117.sanae.vr2  2012-06-30UT17:11:45.697    12  2012-06-30UT17:11:45.721    14  2012-06-30UT17:11:45.801    18
 3 2012-06-30UT17_11_43.82118117.sanae.vr2  2012-06-30UT17:11:46.003    28  2012-06-30UT17:11:46.103    13  2012-06-30UT17:11:46.137    29
 1 2012-06-30UT17_11_43.82118117.sanae.vr2  2012-06-30UT17:11:50.177    21
 2 2012-06-30UT17_11_43.82118117.sanae.vr2  2012-06-30UT17:11:54.143    10  2012-06-30UT17:11:54.237     9
 1 2012-06-30UT17_11_43.82118117.sanae.vr2  2012-06-30UT17:11:54.899    27
 3 2012-06-30UT17_11_43.82118117.sanae.vr2  2012-06-30UT17:11:55.094    75  2012-06-30UT17:11:55.124    27  2012-06-30UT17:11:55.182     7
 1 2012-06-30UT17_12_14.23398117.sanae.vr2  2012-06-30UT17:12:16.698     9
 1 2012-06-30UT17_12_14.23398117.sanae.vr2  2012-06-30UT17:12:16.804    18
 2 2012-06-30UT17_12_14.23398117.sanae.vr2  2012-06-30UT17:12:16.956    69  2012-06-30UT17:12:17.006     6
 1 2012-06-30UT17_12_19.14918117.sanae.vr2  2012-06-30UT17:12:21.573    23
 1 2012-06-30UT17_12_19.14918117.sanae.vr2  2012-06-30UT17:12:21.741    32
 1 2012-06-30UT17_12_19.14918117.sanae.vr2  2012-06-30UT17:12:24.322    25
 4 2012-06-30UT17_12_19.14918117.sanae.vr2  2012-06-30UT17:12:24.480    67  2012-06-30UT17:12:24.554    42  2012-06-30UT17:12:24.628    21  2012-06-30UT17:12:24.696    45
 2 2012-06-30UT17_12_34.50918117.sanae.vr2  2012-06-30UT17:12:36.901     8  2012-06-30UT17:12:36.959    14
 1 2012-06-30UT17_12_34.50918117.sanae.vr2  2012-06-30UT17:12:39.143     7
 1 2012-06-30UT17_12_34.50918117.sanae.vr2  2012-06-30UT17:12:42.419    32
 1 2012-06-30UT17_12_34.50918117.sanae.vr2  2012-06-30UT17:12:42.521     1
 2 2012-06-30UT17_12_34.50918117.sanae.vr2  2012-06-30UT17:12:42.701    85  2012-06-30UT17:12:42.753    39
 3 2012-06-30UT17_12_34.50918117.sanae.vr2  2012-06-30UT17:12:43.747    17  2012-06-30UT17:12:43.823    46  2012-06-30UT17:12:43.911    13
 2 2012-06-30UT17_13_03.28358117.sanae.vr2  2012-06-30UT17:13:05.663    34  2012-06-30UT17:13:05.761     5
 1 2012-06-30UT17_13_03.28358117.sanae.vr2  2012-06-30UT17:13:05.893    23
 6 2012-06-30UT17_13_03.28358117.sanae.vr2  2012-06-30UT17:13:06.017    64  2012-06-30UT17:13:06.041    80  2012-06-30UT17:13:06.085   109  2012-06-30UT17:13:06.123    65  2012-06-30UT17:13:06.147     5  2012-06-30UT17:13:06.193    36
 3 2012-06-30UT17_19_15.20038117.sanae.vr2  2012-06-30UT17:19:17.800    24  2012-06-30UT17:19:17.830    34  2012-06-30UT17:19:17.870     5
 3 2012-06-30UT17_19_15.20038117.sanae.vr2  2012-06-30UT17:19:17.996    41  2012-06-30UT17:19:18.032     6  2012-06-30UT17:19:18.080    38
 3 2012-06-30UT17_19_15.40518117.sanae.vr2  2012-06-30UT17:19:17.803     2  2012-06-30UT17:19:17.837    14  2012-06-30UT17:19:17.871     3
 3 2012-06-30UT17_19_15.40518117.sanae.vr2  2012-06-30UT17:19:17.997    35  2012-06-30UT17:19:18.033     3  2012-06-30UT17:19:18.077    43
 2 2012-06-30UT17_19_34.96358117.sanae.vr2  2012-06-30UT17:19:37.473    26  2012-06-30UT17:19:37.511    38
 2 2012-06-30UT17_19_34.96358117.sanae.vr2  2012-06-30UT17:19:37.661    68  2012-06-30UT17:19:37.707    17
 1 2012-06-30UT17_19_35.47558117.sanae.vr2  2012-06-30UT17:19:37.509    41
 2 2012-06-30UT17_19_35.47558117.sanae.vr2  2012-06-30UT17:19:37.659    72  2012-06-30UT17:19:37.707    16
 1 2012-06-30UT17_20_26.36838117.sanae.vr2  2012-06-30UT17:20:28.842    41
 2 2012-06-30UT17_20_26.36838117.sanae.vr2  2012-06-30UT17:20:29.032    38  2012-06-30UT17:20:29.100    44
 1 2012-06-30UT17_20_26.36838117.sanae.vr2  2012-06-30UT17:20:31.438     9
 1 2012-06-30UT17_20_26.36838117.sanae.vr2  2012-06-30UT17:20:31.574    12
 3 2012-06-30UT17_20_26.36838117.sanae.vr2  2012-06-30UT17:20:31.690    38  2012-06-30UT17:20:31.774     3  2012-06-30UT17:20:31.814    29
 1 2012-06-30UT17_20_26.36838117.sanae.vr2  2012-06-30UT17:20:35.277    20
 5 2012-06-30UT17_20_26.36838117.sanae.vr2  2012-06-30UT17:20:35.461    55  2012-06-30UT17:20:35.515    43  2012-06-30UT17:20:35.569    47  2012-06-30UT17:20:35.597    81  2012-06-30UT17:20:35.669    39
 2 2012-06-30UT17_22_56.17958117.sanae.vr2  2012-06-30UT17:22:57.302     2  2012-06-30UT17:22:57.391    23
 3 2012-06-30UT17_22_56.17958117.sanae.vr2  2012-06-30UT17:22:57.577    64  2012-06-30UT17:22:57.659    45  2012-06-30UT17:22:57.715    85
 1 2012-06-30UT17_22_56.17958117.sanae.vr2  2012-06-30UT17:23:00.809     1
 2 2012-06-30UT17_22_56.17958117.sanae.vr2  2012-06-30UT17:23:00.965    11  2012-06-30UT17:23:00.987    16
 1 2012-06-30UT17_22_56.17958117.sanae.vr2  2012-06-30UT17:23:02.395    65
 1 2012-06-30UT17_22_56.17958117.sanae.vr2  2012-06-30UT17:23:02.995    61
 1 2012-06-30UT17_22_56.17958117.sanae.vr2  2012-06-30UT17:23:03.447    18
 1 2012-06-30UT17_22_56.17958117.sanae.vr2  2012-06-30UT17:23:05.717    15
 1 2012-06-30UT17_22_56.17958117.sanae.vr2  2012-06-30UT17:23:05.905    17
 1 2012-06-30UT17_22_56.17958117.sanae.vr2  2012-06-30UT17:23:06.031    56
 1 2012-06-30UT17_27_44.33318117.sanae.vr2  2012-06-30UT17:27:47.039    75
 1 2012-06-30UT17_27_44.33318117.sanae.vr2  2012-06-30UT17:27:47.155    65
 4 2012-06-30UT17_28_17.92038117.sanae.vr2  2012-06-30UT17:28:21.024     2  2012-06-30UT17:28:21.046    44  2012-06-30UT17:28:21.074    52  2012-06-30UT17:28:21.166    17
 1 2012-06-30UT17_28_17.92038117.sanae.vr2  2012-06-30UT17:28:21.858    15
 3 2012-06-30UT17_28_17.92038117.sanae.vr2  2012-06-30UT17:28:22.054    31  2012-06-30UT17:28:22.110    37  2012-06-30UT17:28:22.174    48
 1 2012-06-30UT17_28_17.92038117.sanae.vr2  2012-06-30UT17:28:25.015    34
 1 2012-06-30UT17_28_17.92038117.sanae.vr2  2012-06-30UT17:28:25.189    16
 4 2012-06-30UT17_28_17.92038117.sanae.vr2  2012-06-30UT17:28:27.963    34  2012-06-30UT17:28:27.981    53  2012-06-30UT17:28:28.081     5  2012-06-30UT17:28:28.133     6
 1 2012-06-30UT17_32_45.08198117.sanae.vr2  2012-06-30UT17:32:47.483    16
 2 2012-06-30UT17_32_45.08198117.sanae.vr2  2012-06-30UT17:32:47.751    88  2012-06-30UT17:32:47.849    59
 4 2012-06-30UT17_35_18.88678117.sanae.vr2  2012-06-30UT17:35:21.579    46  2012-06-30UT17:35:21.629    25  2012-06-30UT17:35:21.655     4  2012-06-30UT17:35:21.683    30
 2 2012-06-30UT17_35_18.88678117.sanae.vr2  2012-06-30UT17:35:22.197     2  2012-06-30UT17:35:22.263    16
 2 2012-06-30UT17_35_18.88678117.sanae.vr2  2012-06-30UT17:35:22.383    52  2012-06-30UT17:35:22.459    21
 1 2012-06-30UT17_35_18.88678117.sanae.vr2  2012-06-30UT17:35:22.881    30
 1 2012-06-30UT17_35_18.88678117.sanae.vr2  2012-06-30UT17:35:26.393     6
 2 2012-06-30UT17_39_03.34758117.sanae.vr2  2012-06-30UT17:39:05.787    24  2012-06-30UT17:39:05.837    14
 1 2012-06-30UT17_40_06.93798117.sanae.vr2  2012-06-30UT17:40:09.432     4
 3 2012-06-30UT17_40_06.93798117.sanae.vr2  2012-06-30UT17:40:09.578    39  2012-06-30UT17:40:09.633     9  2012-06-30UT17:40:09.695    30
 2 2012-06-30UT17_40_06.93798117.sanae.vr2  2012-06-30UT17:40:10.561    40  2012-06-30UT17:40:10.633     2
 1 2012-06-30UT17_41_18.72038117.sanae.vr2  2012-06-30UT17:41:21.170     9
 3 2012-06-30UT17_41_18.72038117.sanae.vr2  2012-06-30UT17:41:21.826    65  2012-06-30UT17:41:21.872    23  2012-06-30UT17:41:21.922    24
 1 2012-06-30UT17_44_54.78438117.sanae.vr2  2012-06-30UT17:44:57.232     1
 1 2012-06-30UT17_44_54.78438117.sanae.vr2  2012-06-30UT17:45:01.430     2
 4 2012-06-30UT17_44_54.78438117.sanae.vr2  2012-06-30UT17:45:01.580    67  2012-06-30UT17:45:01.612    32  2012-06-30UT17:45:01.640    26  2012-06-30UT17:45:01.694     7
 1 2012-06-30UT17_44_54.78438117.sanae.vr2  2012-06-30UT17:45:02.726    23
 2 2012-06-30UT17_47_37.90758117.sanae.vr2  2012-06-30UT17:47:40.307    11  2012-06-30UT17:47:40.353     4
 3 2012-06-30UT17_47_37.90758117.sanae.vr2  2012-06-30UT17:47:40.493    19  2012-06-30UT17:47:40.561     9  2012-06-30UT17:47:40.631     3
 3 2012-06-30UT17_47_37.90758117.sanae.vr2  2012-06-30UT17:47:43.817    99  2012-06-30UT17:47:43.865    23  2012-06-30UT17:47:43.903    25
 2 2012-06-30UT17_47_41.38918117.sanae.vr2  2012-06-30UT17:47:43.816    93  2012-06-30UT17:47:43.902    14
 1 2012-06-30UT17_55_44.20518117.sanae.vr2  2012-06-30UT17:55:46.770     4
 1 2012-06-30UT17_55_44.20518117.sanae.vr2  2012-06-30UT17:55:47.014    14
 1 2012-06-30UT17_55_44.20518117.sanae.vr2  2012-06-30UT17:55:47.160    29
 3 2012-06-30UT17_59_53.95878117.sanae.vr2  2012-06-30UT17:59:57.705    43  2012-06-30UT17:59:57.749    11  2012-06-30UT17:59:57.835    20
 1 2012-06-30UT18_06_04.95398117.sanae.vr2  2012-06-30UT18:06:07.572    60
 1 2012-06-30UT18_26_46.75878117.sanae.vr2  2012-06-30UT18:26:49.180    27
 1 2012-06-30UT18_54_38.74598117.sanae.vr2  2012-06-30UT18:54:41.376    70
 4 2012-06-30UT19_33_48.72358117.sanae.vr2  2012-06-30UT19:33:50.595    47  2012-06-30UT19:33:50.655     7  2012-06-30UT19:33:50.691    11  2012-06-30UT19:33:50.771    11
 4 2012-06-30UT19_33_48.72358117.sanae.vr2  2012-06-30UT19:33:51.123    16  2012-06-30UT19:33:51.161    89  2012-06-30UT19:33:51.241   123  2012-06-30UT19:33:51.289    20
 1 2012-06-30UT19_55_04.42278117.sanae.vr2  2012-06-30UT19:55:06.867    84
 1 2012-06-30UT19_55_04.42278117.sanae.vr2  2012-06-30UT19:55:06.987    48
 1 2012-06-30UT19_55_04.42278117.sanae.vr2  2012-06-30UT19:55:07.327     8
 4 2012-06-30UT19_55_04.42278117.sanae.vr2  2012-06-30UT19:55:07.505    53  2012-06-30UT19:55:07.535     7  2012-06-30UT19:55:07.563    32  2012-06-30UT19:55:07.637     7
 2 2012-06-30UT19_55_04.42278117.sanae.vr2  2012-06-30UT19:55:09.362    44  2012-06-30UT19:55:09.410    36
 1 2012-06-30UT20_03_36.11558117.sanae.vr2  2012-06-30UT20:03:38.247    69
 3 2012-06-30UT20_03_36.11558117.sanae.vr2  2012-06-30UT20:03:38.369    58  2012-06-30UT20:03:38.455    35  2012-06-30UT20:03:38.479    29
 3 2012-06-30UT20_03_36.11558117.sanae.vr2  2012-06-30UT20:03:38.865    34  2012-06-30UT20:03:38.887     9  2012-06-30UT20:03:38.925    36
 4 2012-06-30UT20_03_36.11558117.sanae.vr2  2012-06-30UT20:03:39.859     1  2012-06-30UT20:03:39.897    24  2012-06-30UT20:03:39.969    17  2012-06-30UT20:03:40.043    44
 1 2012-06-30UT20_03_36.11558117.sanae.vr2  2012-06-30UT20:03:40.303    41
 3 2012-06-30UT20_03_36.11558117.sanae.vr2  2012-06-30UT20:03:40.493    28  2012-06-30UT20:03:40.519    57  2012-06-30UT20:03:40.573    31
 2 2012-06-30UT20_03_36.11558117.sanae.vr2  2012-06-30UT20:03:40.791    61  2012-06-30UT20:03:40.875     7
 3 2012-06-30UT20_45_35.25798117.sanae.vr2  2012-06-30UT20:45:37.675   111  2012-06-30UT20:45:37.707    45  2012-06-30UT20:45:37.743     4
 2 2012-06-30UT20_45_35.25798117.sanae.vr2  2012-06-30UT20:45:38.297    34  2012-06-30UT20:45:38.351    13
 3 2012-06-30UT20_54_19.95558117.sanae.vr2  2012-06-30UT20:54:22.373   101  2012-06-30UT20:54:22.409    89  2012-06-30UT20:54:22.439    27
 2 2012-06-30UT20_54_19.95558117.sanae.vr2  2012-06-30UT20:54:23.016    12  2012-06-30UT20:54:23.058     3
 1 2012-07-05UT20_38_11.99238125.sanae.vr2  2012-07-05UT20:38:14.385    61
 1 2012-07-05UT20_38_11.99238125.sanae.vr2  2012-07-05UT20:38:14.503    13
 1 2012-07-05UT20_38_11.99238125.sanae.vr2  2012-07-05UT20:38:14.641    28
 2 2012-07-05UT22_04_43.26278125.sanae.vr2  2012-07-05UT22:04:45.675   235  2012-07-05UT22:04:45.747    56
 4 2012-07-05UT22_04_43.26278125.sanae.vr2  2012-07-05UT22:04:45.993    39  2012-07-05UT22:04:46.043    39  2012-07-05UT22:04:46.077    72  2012-07-05UT22:04:46.129    46
 1 2012-07-05UT22_07_22.90438125.sanae.vr2  2012-07-05UT22:07:25.350    39
 4 2012-07-05UT22_07_22.90438125.sanae.vr2  2012-07-05UT22:07:25.636    45  2012-07-05UT22:07:25.700    83  2012-07-05UT22:07:25.758   107  2012-07-05UT22:07:25.786    80
 2 2012-07-05UT22_43_38.59718125.sanae.vr2  2012-07-05UT22:43:40.990    61  2012-07-05UT22:43:41.030    14
 4 2012-07-05UT22_43_38.59718125.sanae.vr2  2012-07-05UT22:43:41.366    89  2012-07-05UT22:43:41.406    56  2012-07-05UT22:43:41.432    48  2012-07-05UT22:43:41.464    11
 3 2012-07-05UT22_43_38.59718125.sanae.vr2  2012-07-05UT22:43:41.824    11  2012-07-05UT22:43:41.884    30  2012-07-05UT22:43:41.968    18
 2 2012-07-07UT00_24_00.63878125.sanae.vr2  2012-07-07UT00:24:02.966     1  2012-07-07UT00:24:03.016    52
 1 2012-07-07UT00_24_00.63878125.sanae.vr2  2012-07-07UT00:24:03.140    79
 2 2012-07-07UT00_24_00.63878125.sanae.vr2  2012-07-07UT00:24:03.280    99  2012-07-07UT00:24:03.352   129
 1 2012-07-07UT02_21_50.64198125.sanae.vr2  2012-07-07UT02:21:53.629    47
 2 2012-07-07UT02_21_50.64198125.sanae.vr2  2012-07-07UT02:21:53.755    99  2012-07-07UT02:21:53.789    62
 3 2012-07-07UT02_21_50.64198125.sanae.vr2  2012-07-07UT02:21:53.913    47  2012-07-07UT02:21:53.951    61  2012-07-07UT02:21:54.025     7
 1 2012-07-07UT02_21_50.64198125.sanae.vr2  2012-07-07UT02:21:56.397    97
 2 2012-07-07UT02_21_50.64198125.sanae.vr2  2012-07-07UT02:21:56.551    59  2012-07-07UT02:21:56.627    66
 1 2012-07-07UT02_22_45.11878125.sanae.vr2  2012-07-07UT02:22:47.542    73
 2 2012-07-07UT02_22_45.11878125.sanae.vr2  2012-07-07UT02:22:47.682    67  2012-07-07UT02:22:47.712    69
 3 2012-07-07UT02_22_45.11878125.sanae.vr2  2012-07-07UT02:22:47.844    47  2012-07-07UT02:22:47.904    45  2012-07-07UT02:22:47.946    36
 1 2012-07-07UT02_22_59.96678125.sanae.vr2  2012-07-07UT02:23:01.691     3
 1 2012-07-07UT02_22_59.96678125.sanae.vr2  2012-07-07UT02:23:02.425    78
 2 2012-07-07UT02_22_59.96678125.sanae.vr2  2012-07-07UT02:23:02.559    86  2012-07-07UT02:23:02.591    63
 2 2012-07-07UT02_22_59.96678125.sanae.vr2  2012-07-07UT02:23:02.717    30  2012-07-07UT02:23:02.747    31
 1 2012-07-07UT02_22_59.96678125.sanae.vr2  2012-07-07UT02:23:04.467    33
 1 2012-07-07UT02_22_59.96678125.sanae.vr2  2012-07-07UT02:23:04.595    61
 2 2012-07-07UT02_22_59.96678125.sanae.vr2  2012-07-07UT02:23:04.753    40  2012-07-07UT02:23:04.789    27
 1 2012-07-07UT02_30_52.44038125.sanae.vr2  2012-07-07UT02:30:54.892    23
 2 2012-07-07UT02_30_52.44038125.sanae.vr2  2012-07-07UT02:30:55.028    57  2012-07-07UT02:30:55.052     6
 3 2012-07-07UT02_30_52.44038125.sanae.vr2  2012-07-07UT02:30:55.172    43  2012-07-07UT02:30:55.220    18  2012-07-07UT02:30:55.246    24
 1 2012-07-07UT02_30_52.44038125.sanae.vr2  2012-07-07UT02:30:56.966     5
 2 2012-07-07UT02_30_52.44038125.sanae.vr2  2012-07-07UT02:30:57.252    13  2012-07-07UT02:30:57.280     6
 2 2012-07-07UT03_43_22.28998125.sanae.vr2  2012-07-07UT03:43:24.724    19  2012-07-07UT03:43:24.744     7
 1 2012-07-07UT03_43_22.28998125.sanae.vr2  2012-07-07UT03:43:24.852    81
 5 2012-07-07UT03_43_22.28998125.sanae.vr2  2012-07-07UT03:43:24.994    16  2012-07-07UT03:43:25.052    99  2012-07-07UT03:43:25.086    61  2012-07-07UT03:43:25.126    25  2012-07-07UT03:43:25.150    22
 1 2012-07-07UT09_09_57.65638125.sanae.vr2  2012-07-07UT09:10:00.046    16
 1 2012-07-07UT09_09_57.65638125.sanae.vr2  2012-07-07UT09:10:00.190    61
 2 2012-07-07UT09_09_57.65638125.sanae.vr2  2012-07-07UT09:10:00.354   212  2012-07-07UT09:10:00.382   122
 1 2012-07-07UT09_09_57.65638125.sanae.vr2  2012-07-07UT09:10:00.496    92
 5 2012-07-07UT09_12_44.67078125.sanae.vr2  2012-07-07UT09:12:47.149   134  2012-07-07UT09:12:47.197    16  2012-07-07UT09:12:47.223    38  2012-07-07UT09:12:47.247   113  2012-07-07UT09:12:47.325    11
 4 2012-07-07UT09_12_44.67078125.sanae.vr2  2012-07-07UT09:12:47.455    65  2012-07-07UT09:12:47.499    91  2012-07-07UT09:12:47.523    52  2012-07-07UT09:12:47.597    75
 3 2012-07-07UT09_14_26.14918125.sanae.vr2  2012-07-07UT09:14:28.541   107  2012-07-07UT09:14:28.585    34  2012-07-07UT09:14:28.643    74
 3 2012-07-07UT09_14_26.14918125.sanae.vr2  2012-07-07UT09:14:28.839    17  2012-07-07UT09:14:28.893    59  2012-07-07UT09:14:28.935     9
 1 2012-07-07UT09_18_55.35878125.sanae.vr2  2012-07-07UT09:18:59.673    16
 1 2012-07-07UT09_18_55.35878125.sanae.vr2  2012-07-07UT09:19:00.011    34
 4 2012-07-07UT09_22_23.84518117.sanae.vr2  2012-07-07UT09:22:26.310    21  2012-07-07UT09:22:26.350    43  2012-07-07UT09:22:26.406   109  2012-07-07UT09:22:26.480    65
 3 2012-07-07UT09_22_23.84518117.sanae.vr2  2012-07-07UT09:22:26.622    92  2012-07-07UT09:22:26.698    85  2012-07-07UT09:22:26.744    76
 2 2012-07-07UT09_22_49.95718125.sanae.vr2  2012-07-07UT09:22:56.467    93  2012-07-07UT09:22:56.555   113
 3 2012-07-07UT09_22_49.95718125.sanae.vr2  2012-07-07UT09:22:56.809    54  2012-07-07UT09:22:56.843    13  2012-07-07UT09:22:56.891    12
 3 2012-07-07UT09_22_49.95718125.sanae.vr2  2012-07-07UT09:22:59.911    48  2012-07-07UT09:23:00.001   208  2012-07-07UT09:23:00.075   163
 3 2012-07-07UT09_22_49.95718125.sanae.vr2  2012-07-07UT09:23:00.202    58  2012-07-07UT09:23:00.266    45  2012-07-07UT09:23:00.336    13
 3 2012-07-07UT09_24_19.14758125.sanae.vr2  2012-07-07UT09:24:21.559   101  2012-07-07UT09:24:21.645   141  2012-07-07UT09:24:21.721   100
 4 2012-07-07UT09_24_19.14758125.sanae.vr2  2012-07-07UT09:24:21.881    48  2012-07-07UT09:24:21.915    61  2012-07-07UT09:24:21.943    23  2012-07-07UT09:24:21.989     5
 2 2012-07-07UT09_25_17.92518117.sanae.vr2  2012-07-07UT09:25:20.387     1  2012-07-07UT09:25:20.471    82
 4 2012-07-07UT09_25_17.92518117.sanae.vr2  2012-07-07UT09:25:20.675    25  2012-07-07UT09:25:20.745    51  2012-07-07UT09:25:20.811   126  2012-07-07UT09:25:20.857    69
 2 2012-07-07UT09_25_17.92518117.sanae.vr2  2012-07-07UT09:25:22.227    35  2012-07-07UT09:25:22.313    42
 4 2012-07-07UT09_25_17.92518117.sanae.vr2  2012-07-07UT09:25:22.519    31  2012-07-07UT09:25:22.553    36  2012-07-07UT09:25:22.603    10  2012-07-07UT09:25:22.649    86
 2 2012-07-07UT09_29_45.90598125.sanae.vr2  2012-07-07UT09:29:47.953    12  2012-07-07UT09:29:48.019    19
 1 2012-07-07UT09_29_45.90598125.sanae.vr2  2012-07-07UT09:29:48.447   107
 3 2012-07-07UT09_39_18.52678125.sanae.vr2  2012-07-07UT09:39:20.948    60  2012-07-07UT09:39:20.996   111  2012-07-07UT09:39:21.056    19
 1 2012-07-07UT09_39_18.52678125.sanae.vr2  2012-07-07UT09:39:21.296   116
 1 2012-07-07UT09_39_18.52678125.sanae.vr2  2012-07-07UT09:39:21.442    49
 2 2012-07-07UT09_39_18.52678125.sanae.vr2  2012-07-07UT09:39:21.614    46  2012-07-07UT09:39:21.666    73
 3 2012-07-07UT09_42_05.33638125.sanae.vr2  2012-07-07UT09:42:07.812    24  2012-07-07UT09:42:07.876   109  2012-07-07UT09:42:07.912    61
 2 2012-07-07UT09_42_05.33638125.sanae.vr2  2012-07-07UT09:42:08.034    42  2012-07-07UT09:42:08.068    53
 1 2012-07-07UT09_44_07.49958125.sanae.vr2  2012-07-07UT09:44:09.889    16
 1 2012-07-07UT09_44_07.49958125.sanae.vr2  2012-07-07UT09:44:10.061    52
 2 2012-07-07UT09_44_44.67078125.sanae.vr2  2012-07-07UT09:44:47.048    60  2012-07-07UT09:44:47.094    24
 4 2012-07-07UT09_44_44.67078125.sanae.vr2  2012-07-07UT09:44:47.222   106  2012-07-07UT09:44:47.248    42  2012-07-07UT09:44:47.288    25  2012-07-07UT09:44:47.336     9
 2 2012-07-07UT09_48_31.17958117.sanae.vr2  2012-07-07UT09:48:34.883    31  2012-07-07UT09:48:34.957    26
 2 2012-07-07UT09_48_31.17958117.sanae.vr2  2012-07-07UT09:48:36.297   114  2012-07-07UT09:48:36.329    61
 1 2012-07-07UT16_42_27.17318125.sanae.vr2  2012-07-07UT16:42:28.867     3
 1 2012-07-07UT18_31_52.13958125.sanae.vr2  2012-07-07UT18:31:53.945    27
 4 2012-07-07UT18_31_52.13958125.sanae.vr2  2012-07-07UT18:31:54.401    24  2012-07-07UT18:31:54.441   118  2012-07-07UT18:31:54.503   134  2012-07-07UT18:31:54.529    84
 1 2012-07-07UT18_34_00.24198125.sanae.vr2  2012-07-07UT18:34:02.682     6
 3 2012-07-07UT18_34_00.24198125.sanae.vr2  2012-07-07UT18:34:03.153   126  2012-07-07UT18:34:03.191    77  2012-07-07UT18:34:03.235   261
 1 2012-07-08UT01_06_59.99238125.sanae.vr2  2012-07-08UT01:07:02.379     2
 1 2012-07-08UT01_06_59.99238125.sanae.vr2  2012-07-08UT01:07:02.499    16
 2 2012-07-08UT05_43_26.12998125.sanae.vr2  2012-07-08UT05:43:28.532    45  2012-07-08UT05:43:28.564    54
 2 2012-07-08UT05_43_26.12998125.sanae.vr2  2012-07-08UT05:43:28.840    46  2012-07-08UT05:43:28.908    32
 1 2012-07-08UT05_43_26.12998125.sanae.vr2  2012-07-08UT05:43:29.904    11
 2 2012-07-08UT05_43_26.12998125.sanae.vr2  2012-07-08UT05:43:33.831     9  2012-07-08UT05:43:33.865    20
 1 2012-07-08UT05_55_47.30118125.sanae.vr2  2012-07-08UT05:55:48.201    16
 1 2012-07-08UT05_55_47.30118125.sanae.vr2  2012-07-08UT05:55:49.616    52
 1 2012-07-08UT05_58_22.43718125.sanae.vr2  2012-07-08UT05:58:23.145    32
 1 2012-07-08UT05_58_22.43718125.sanae.vr2  2012-07-08UT05:58:23.301    24
 1 2012-07-08UT05_58_22.43718125.sanae.vr2  2012-07-08UT05:58:23.407    45
 1 2012-07-08UT05_58_27.76198125.sanae.vr2  2012-07-08UT05:58:30.139    95
 1 2012-07-08UT05_58_27.76198125.sanae.vr2  2012-07-08UT05:58:30.439    63
 1 2012-07-08UT05_58_45.88678125.sanae.vr2  2012-07-08UT05:58:49.582    66
 4 2012-07-08UT05_58_45.88678125.sanae.vr2  2012-07-08UT05:58:49.890   162  2012-07-08UT05:58:49.942   108  2012-07-08UT05:58:49.972    11  2012-07-08UT05:58:49.996     4
 1 2012-07-08UT05_58_45.88678125.sanae.vr2  2012-07-08UT05:58:50.912     1
 1 2012-07-08UT05_58_45.88678125.sanae.vr2  2012-07-08UT05:58:51.196    10
 1 2012-07-08UT05_58_47.93478125.sanae.vr2  2012-07-08UT05:58:49.583    72
 3 2012-07-08UT05_58_47.93478125.sanae.vr2  2012-07-08UT05:58:49.891   161  2012-07-08UT05:58:49.943   113  2012-07-08UT05:58:49.973    18
 1 2012-07-08UT05_58_47.93478125.sanae.vr2  2012-07-08UT05:58:50.913     5
 1 2012-07-08UT05_58_47.93478125.sanae.vr2  2012-07-08UT05:58:51.207    15
 1 2012-07-08UT05_58_47.93478125.sanae.vr2  2012-07-08UT05:58:56.880    54
 3 2012-07-08UT05_58_47.93478125.sanae.vr2  2012-07-08UT05:58:57.202    88  2012-07-08UT05:58:57.246    13  2012-07-08UT05:58:57.270    34
 2 2012-07-08UT05_59_14.04678125.sanae.vr2  2012-07-08UT05:59:16.463    28  2012-07-08UT05:59:16.507     8
 1 2012-07-08UT05_59_14.04678125.sanae.vr2  2012-07-08UT05:59:16.795    25
 1 2012-07-08UT06_42_51.39078125.sanae.vr2  2012-07-08UT06:42:54.592    35
 1 2012-07-08UT06_42_51.39078125.sanae.vr2  2012-07-08UT06:42:56.882     3
 2 2012-07-08UT06_42_51.39078125.sanae.vr2  2012-07-08UT06:42:57.108   127  2012-07-08UT06:42:57.146    42
 1 2012-07-08UT06_42_51.39078125.sanae.vr2  2012-07-08UT06:42:57.280    67
 1 2012-07-08UT06_42_51.39078125.sanae.vr2  2012-07-08UT06:42:57.402    18
 1 2012-07-08UT06_42_54.66758125.sanae.vr2  2012-07-08UT06:42:56.883     8
 2 2012-07-08UT06_42_54.66758125.sanae.vr2  2012-07-08UT06:42:57.103   138  2012-07-08UT06:42:57.153    72
 3 2012-07-08UT06_42_54.66758125.sanae.vr2  2012-07-08UT06:42:57.283    66  2012-07-08UT06:42:57.327     5  2012-07-08UT06:42:57.403     8
 1 2012-07-08UT06_42_54.66758125.sanae.vr2  2012-07-08UT06:42:59.667    20
 1 2012-07-08UT08_55_41.89958125.sanae.vr2  2012-07-08UT08:55:44.301     5
 1 2012-07-08UT23_17_05.63718117.sanae.vr2  2012-07-08UT23:17:08.038     2
 3 2012-07-08UT23_17_05.63718117.sanae.vr2  2012-07-08UT23:17:09.002    20  2012-07-08UT23:17:09.066   127  2012-07-08UT23:17:09.112    32
 1 2012-07-08UT23_19_25.31078117.sanae.vr2  2012-07-08UT23:19:27.772   104
 1 2012-07-08UT23_19_25.31078117.sanae.vr2  2012-07-08UT23:19:28.570   100
 1 2012-07-08UT23_19_25.31078117.sanae.vr2  2012-07-08UT23:19:28.790   155
 3 2012-07-08UT23_22_16.42118117.sanae.vr2  2012-07-08UT23:22:18.788    49  2012-07-08UT23:22:18.810    24  2012-07-08UT23:22:18.834    31
 1 2012-07-08UT23_22_16.42118117.sanae.vr2  2012-07-08UT23:22:19.618    14
 2 2012-07-08UT23_22_16.42118117.sanae.vr2  2012-07-08UT23:22:19.794    41  2012-07-08UT23:22:19.866   127
 1 2012-07-09UT02_30_26.53318117.sanae.vr2  2012-07-09UT02:30:28.954    38
 2 2012-07-09UT02_30_26.53318117.sanae.vr2  2012-07-09UT02:30:29.092    26  2012-07-09UT02:30:29.154    17
 1 2012-07-09UT18_30_11.48038109.sanae.vr2  2012-07-09UT18:30:13.910   105
 1 2012-07-09UT18_30_11.48038109.sanae.vr2  2012-07-09UT18:30:14.024   147
 1 2012-07-09UT18_30_11.48038109.sanae.vr2  2012-07-09UT18:30:14.128    10
 4 2012-07-09UT22_55_49.63078109.sanae.vr2  2012-07-09UT22:55:52.281    66  2012-07-09UT22:55:52.337    46  2012-07-09UT22:55:52.383    14  2012-07-09UT22:55:52.427    23
 7 2012-07-09UT22_55_49.63078109.sanae.vr2  2012-07-09UT22:55:52.557    53  2012-07-09UT22:55:52.651    61  2012-07-09UT22:55:52.697    65  2012-07-09UT22:55:52.727    74  2012-07-09UT22:55:52.764     9  2012-07-09UT22:55:52.805    41  2012-07-09UT22:55:52.844    34
 1 2012-07-09UT23_05_57.88678109.sanae.vr2  2012-07-09UT23:06:00.235    68
 5 2012-07-09UT23_05_57.88678109.sanae.vr2  2012-07-09UT23:06:00.583   168  2012-07-09UT23:06:00.635    96  2012-07-09UT23:06:00.699    67  2012-07-09UT23:06:00.741    16  2012-07-09UT23:06:00.795     7
 1 2012-07-10UT00_55_39.03238109.sanae.vr2  2012-07-10UT00:55:41.420    37
 5 2012-07-10UT00_55_39.03238109.sanae.vr2  2012-07-10UT00:55:41.568    54  2012-07-10UT00:55:41.630    94  2012-07-10UT00:55:41.662     2  2012-07-10UT00:55:41.712   113  2012-07-10UT00:55:41.758    29
 2 2012-07-10UT03_22_18.05958102.sanae.vr2  2012-07-10UT03:22:20.475    54  2012-07-10UT03:22:20.513    24
 1 2012-07-10UT09_08_03.37798102.sanae.vr2  2012-07-10UT09:08:06.492    17
 3 2012-07-10UT09_08_03.37798102.sanae.vr2  2012-07-10UT09:08:09.025    43  2012-07-10UT09:08:09.089    36  2012-07-10UT09:08:09.139     5
 1 2012-07-16UT02_51_41.31078125.sanae.vr2  2012-07-16UT02:51:43.672     4
 1 2012-07-16UT02_51_41.31078125.sanae.vr2  2012-07-16UT02:51:43.846    21
 1 2012-07-16UT02_51_52.26758125.sanae.vr2  2012-07-16UT02:52:00.798    33
 1 2012-07-16UT02_51_52.26758125.sanae.vr2  2012-07-16UT02:52:00.950    22
 3 2012-07-19UT05_21_03.15398125.sanae.vr2  2012-07-19UT05:21:05.545    45  2012-07-19UT05:21:05.579    31  2012-07-19UT05:21:05.653    19
 2 2012-07-19UT06_26_35.21158125.sanae.vr2  2012-07-19UT06:26:37.643     8  2012-07-19UT06:26:37.689    12
 3 2012-07-19UT18_10_16.67718125.sanae.vr2  2012-07-19UT18:10:19.030    66  2012-07-19UT18:10:19.080   117  2012-07-19UT18:10:19.108    24
 5 2012-07-19UT20_31_18.60358125.sanae.vr2  2012-07-19UT20:31:20.985    16  2012-07-19UT20:31:21.019   155  2012-07-19UT20:31:21.053   201  2012-07-19UT20:31:21.083   241  2012-07-19UT20:31:21.129    17
 1 2012-07-19UT22_34_47.44838125.sanae.vr2  2012-07-19UT22:34:48.778     6
 4 2012-07-19UT22_34_47.44838125.sanae.vr2  2012-07-19UT22:34:49.900   102  2012-07-19UT22:34:49.944    55  2012-07-19UT22:34:49.976    84  2012-07-19UT22:34:50.058    26
 1 2012-07-19UT22_34_47.44838125.sanae.vr2  2012-07-19UT22:34:50.192     2
 1 2012-07-20UT00_00_35.91558125.sanae.vr2  2012-07-20UT00:00:36.823     9
 2 2012-07-20UT00_00_35.91558125.sanae.vr2  2012-07-20UT00:00:43.035    39  2012-07-20UT00:00:43.075    83
 4 2012-07-20UT00_00_35.91558125.sanae.vr2  2012-07-20UT00:00:44.105    44  2012-07-20UT00:00:44.151    35  2012-07-20UT00:00:44.179     7  2012-07-20UT00:00:44.213     9
 1 2012-07-20UT01_28_14.46278125.sanae.vr2  2012-07-20UT01:28:16.912    95
 1 2012-07-20UT01_28_14.46278125.sanae.vr2  2012-07-20UT01:28:17.474    89
 2 2012-07-30UT03_23_49.91238125.sanae.vr2  2012-07-30UT03:23:52.299    13  2012-07-30UT03:23:52.325    13
 1 2012-07-30UT07_06_51.44198125.sanae.vr2  2012-07-30UT07:06:51.914    63
 3 2012-07-30UT07_06_51.44198125.sanae.vr2  2012-07-30UT07:06:52.230    83  2012-07-30UT07:06:52.274    24  2012-07-30UT07:06:52.366    60
 1 2012-07-30UT07_07_50.42438125.sanae.vr2  2012-07-30UT07:07:52.795    40
 3 2012-07-30UT07_07_50.42438125.sanae.vr2  2012-07-30UT07:07:53.117    76  2012-07-30UT07:07:53.183    35  2012-07-30UT07:07:53.265    89
 1 2012-07-30UT21_08_13.82278117.sanae.vr2  2012-07-30UT21:08:16.190    61
 1 2012-07-31UT04_28_50.94278117.sanae.vr2  2012-07-31UT04:28:53.566    97
 1 2012-07-31UT04_28_50.94278117.sanae.vr2  2012-07-31UT04:28:53.768     2
 1 2012-07-31UT06_32_48.56198117.sanae.vr2  2012-07-31UT06:32:51.019   300
 5 2012-07-31UT06_32_48.56198117.sanae.vr2  2012-07-31UT06:32:51.411    40  2012-07-31UT06:32:51.497   119  2012-07-31UT06:32:51.529    35  2012-07-31UT06:32:51.553    60  2012-07-31UT06:32:51.639    14
 2 2012-07-31UT06_41_57.73318117.sanae.vr2  2012-07-31UT06:42:00.149   260  2012-07-31UT06:42:00.207    13
 7 2012-07-31UT06_41_57.73318117.sanae.vr2  2012-07-31UT06:42:00.499    35  2012-07-31UT06:42:00.545    58  2012-07-31UT06:42:00.575    90  2012-07-31UT06:42:00.639    59  2012-07-31UT06:42:00.703     1  2012-07-31UT06:42:00.753    94  2012-07-31UT06:42:00.793    50
 2 2012-07-31UT22_43_49.24678117.sanae.vr2  2012-07-31UT22:43:51.490    68  2012-07-31UT22:43:51.520    18
 1 2012-07-31UT22_43_49.24678117.sanae.vr2  2012-07-31UT22:43:53.540     5
 1 2012-07-31UT22_59_41.46438117.sanae.vr2  2012-07-31UT22:59:44.050    22
 2 2012-07-31UT23_05_01.97638117.sanae.vr2  2012-07-31UT23:05:04.544    27  2012-07-31UT23:05:04.578    24
 2 2012-08-01UT01_01_38.86598117.sanae.vr2  2012-08-01UT01:01:41.213    12  2012-08-01UT01:01:41.243    20
 1 2012-08-01UT01_01_38.86598117.sanae.vr2  2012-08-01UT01:01:41.359     4
 1 2012-08-01UT01_02_20.54278117.sanae.vr2  2012-08-01UT01:02:22.948     3
 3 2012-08-01UT01_10_03.28838117.sanae.vr2  2012-08-01UT01:10:05.668    41  2012-08-01UT01:10:05.740    62  2012-08-01UT01:10:05.766    42
 2 2012-08-01UT01_10_03.28838117.sanae.vr2  2012-08-01UT01:10:05.890    32  2012-08-01UT01:10:05.944    23
 3 2012-08-01UT02_41_38.78918117.sanae.vr2  2012-08-01UT02:41:41.201    59  2012-08-01UT02:41:41.229    39  2012-08-01UT02:41:41.266    16
 1 2012-08-01UT02_41_38.78918117.sanae.vr2  2012-08-01UT02:41:41.374    16
 2 2012-08-01UT02_49_24.29958117.sanae.vr2  2012-08-01UT02:49:26.663    38  2012-08-01UT02:49:26.711     1
 1 2012-08-01UT02_49_24.29958117.sanae.vr2  2012-08-01UT02:49:28.277    29
 1 2012-08-01UT02_51_52.67718117.sanae.vr2  2012-08-01UT02:51:55.051    77
 4 2012-08-01UT02_51_52.67718117.sanae.vr2  2012-08-01UT02:51:56.593    13  2012-08-01UT02:51:56.665    43  2012-08-01UT02:51:56.765     1  2012-08-01UT02:51:56.835    11
 2 2012-08-01UT02_55_41.33638117.sanae.vr2  2012-08-01UT02:55:43.661   106  2012-08-01UT02:55:43.695    22
 2 2012-08-01UT02_57_00.69638117.sanae.vr2  2012-08-01UT02:57:03.142    78  2012-08-01UT02:57:03.178    33
 1 2012-08-01UT02_57_00.69638117.sanae.vr2  2012-08-01UT02:57:04.555     5
 2 2012-08-01UT02_59_00.70918117.sanae.vr2  2012-08-01UT02:59:03.139    15  2012-08-01UT02:59:03.195    27
 1 2012-08-01UT03_19_05.95718117.sanae.vr2  2012-08-01UT03:19:08.407    68
 2 2012-08-01UT03_19_05.95718117.sanae.vr2  2012-08-01UT03:19:09.843    21  2012-08-01UT03:19:09.887     3
 1 2012-08-01UT03_20_19.58278117.sanae.vr2  2012-08-01UT03:20:21.992    34
 1 2012-08-01UT03_22_25.73958117.sanae.vr2  2012-08-01UT03:22:28.153    31
 2 2012-08-01UT21_34_13.98918117.sanae.vr2  2012-08-01UT21:34:16.318    32  2012-08-01UT21:34:16.368    50
 3 2012-08-02UT00_02_15.96038117.sanae.vr2  2012-08-02UT00:02:18.396    52  2012-08-02UT00:02:18.434    52  2012-08-02UT00:02:18.490     5
 3 2012-08-02UT01_41_18.23238117.sanae.vr2  2012-08-02UT01:41:20.625   132  2012-08-02UT01:41:20.687    42  2012-08-02UT01:41:20.721     6
 3 2012-08-02UT02_47_30.43078117.sanae.vr2  2012-08-02UT02:47:30.781    68  2012-08-02UT02:47:30.835   164  2012-08-02UT02:47:30.883    73
 1 2012-08-02UT02_47_30.43078117.sanae.vr2  2012-08-02UT02:47:31.029     6
 3 2012-08-02UT05_26_08.71558117.sanae.vr2  2012-08-02UT05:26:11.133     5  2012-08-02UT05:26:11.179    22  2012-08-02UT05:26:11.237     3
 2 2012-08-02UT05_29_46.31558117.sanae.vr2  2012-08-02UT05:29:48.285   102  2012-08-02UT05:29:48.303    97
 1 2012-08-02UT05_29_46.31558117.sanae.vr2  2012-08-02UT05:29:49.968     8
 1 2012-08-02UT05_31_37.62438117.sanae.vr2  2012-08-02UT05:31:40.125    33
 2 2012-08-02UT05_31_51.75558117.sanae.vr2  2012-08-02UT05:31:54.191     5  2012-08-02UT05:31:54.263     5
 4 2012-08-02UT05_31_51.75558117.sanae.vr2  2012-08-02UT05:31:56.967    53  2012-08-02UT05:31:56.995    87  2012-08-02UT05:31:57.021    86  2012-08-02UT05:31:57.069   123
 3 2012-08-02UT05_31_51.75558117.sanae.vr2  2012-08-02UT05:31:57.359     1  2012-08-02UT05:31:57.443     7  2012-08-02UT05:31:57.469     1
 2 2012-08-02UT05_31_57.18278117.sanae.vr2  2012-08-02UT05:31:59.576    11  2012-08-02UT05:31:59.620    43
 2 2012-08-02UT07_00_28.97798117.sanae.vr2  2012-08-02UT07:00:31.366   216  2012-08-02UT07:00:31.396    43
 1 2012-08-02UT07_00_28.97798117.sanae.vr2  2012-08-02UT07:00:32.059    15
 1 2012-08-02UT07_08_19.40358117.sanae.vr2  2012-08-02UT07:08:20.696    25
 2 2012-08-02UT07_15_15.45478117.sanae.vr2  2012-08-02UT07:15:17.860    65  2012-08-02UT07:15:17.904   124
 1 2012-08-04UT01_25_31.13478117.sanae.vr2  2012-08-04UT01:25:33.552    11
 1 2012-08-05UT08_16_10.72518125.sanae.vr2  2012-08-05UT08:16:13.199   100
 2 2012-08-05UT08_33_18.30918125.sanae.vr2  2012-08-05UT08:33:20.925    80  2012-08-05UT08:33:20.989    16
 3 2012-08-10UT05_56_39.11558133.sanae.vr2  2012-08-10UT05:56:41.573   118  2012-08-10UT05:56:41.603   104  2012-08-10UT05:56:41.631    41
 5 2012-08-10UT05_56_39.11558133.sanae.vr2  2012-08-10UT05:56:41.759   140  2012-08-10UT05:56:41.779   116  2012-08-10UT05:56:41.815    85  2012-08-10UT05:56:41.887    32  2012-08-10UT05:56:41.933   108
 4 2012-08-10UT05_56_39.11558133.sanae.vr2  2012-08-10UT05:56:42.081    60  2012-08-10UT05:56:42.109    54  2012-08-10UT05:56:42.131    24  2012-08-10UT05:56:42.171    25
 2 2012-08-10UT07_15_29.58598133.sanae.vr2  2012-08-10UT07:15:31.975    43  2012-08-10UT07:15:32.000    45
 1 2012-08-10UT07_15_29.58598133.sanae.vr2  2012-08-10UT07:15:32.119    47
 4 2012-08-10UT07_15_29.58598133.sanae.vr2  2012-08-10UT07:15:32.235    30  2012-08-10UT07:15:32.271   111  2012-08-10UT07:15:32.307     2  2012-08-10UT07:15:32.343    61
 1 2012-08-10UT07_15_29.58598133.sanae.vr2  2012-08-10UT07:15:33.025    10
 2 2012-08-10UT07_15_29.58598133.sanae.vr2  2012-08-10UT07:15:33.139    22  2012-08-10UT07:15:33.197    17
 1 2012-08-10UT07_15_29.58598133.sanae.vr2  2012-08-10UT07:15:33.693     9
 2 2012-08-10UT07_15_29.58598133.sanae.vr2  2012-08-10UT07:15:35.091     5  2012-08-10UT07:15:35.133    33
 1 2012-08-10UT07_15_29.58598133.sanae.vr2  2012-08-10UT07:15:35.243   135
 1 2012-08-10UT07_15_29.58598133.sanae.vr2  2012-08-10UT07:15:35.353     9
 2 2012-08-10UT07_17_59.39718133.sanae.vr2  2012-08-10UT07:18:02.863   102  2012-08-10UT07:18:02.893    90
 3 2012-08-10UT07_17_59.39718133.sanae.vr2  2012-08-10UT07:18:03.694    27  2012-08-10UT07:18:03.782    40  2012-08-10UT07:18:03.816    29
 1 2012-08-10UT07_18_33.18918133.sanae.vr2  2012-08-10UT07:18:35.667     9
 1 2012-08-10UT07_18_33.18918133.sanae.vr2  2012-08-10UT07:18:35.791    42
 3 2012-08-10UT07_18_33.18918133.sanae.vr2  2012-08-10UT07:18:35.905   331  2012-08-10UT07:18:35.941   174  2012-08-10UT07:18:35.995     7
 1 2012-08-10UT07_18_33.90598133.sanae.vr2  2012-08-10UT07:18:35.668     1
 1 2012-08-10UT07_18_33.90598133.sanae.vr2  2012-08-10UT07:18:35.792     3
 2 2012-08-10UT07_18_33.90598133.sanae.vr2  2012-08-10UT07:18:35.906   328  2012-08-10UT07:18:35.940   169
 2 2012-08-10UT07_19_57.66918133.sanae.vr2  2012-08-10UT07:20:00.147    27  2012-08-10UT07:20:00.173    12
 1 2012-08-10UT07_19_57.66918133.sanae.vr2  2012-08-10UT07:20:00.291    39
 2 2012-08-10UT07_19_57.66918133.sanae.vr2  2012-08-10UT07:20:00.407   239  2012-08-10UT07:20:00.439   204
 1 2012-08-10UT07_19_57.66918133.sanae.vr2  2012-08-10UT07:20:01.831    10
 2 2012-08-10UT07_22_58.09798133.sanae.vr2  2012-08-10UT07:23:00.858    45  2012-08-10UT07:23:00.894    18
 2 2012-08-10UT07_22_58.09798133.sanae.vr2  2012-08-10UT07:23:02.173     1  2012-08-10UT07:23:02.199     1
 3 2012-08-10UT07_22_58.09798133.sanae.vr2  2012-08-10UT07:23:02.471    21  2012-08-10UT07:23:02.497    89  2012-08-10UT07:23:02.539    65
 4 2012-08-10UT07_22_58.09798133.sanae.vr2  2012-08-10UT07:23:03.305    22  2012-08-10UT07:23:03.369    41  2012-08-10UT07:23:03.397     8  2012-08-10UT07:23:03.433    53
 1 2012-08-10UT07_24_14.07878133.sanae.vr2  2012-08-10UT07:24:16.521   131
 2 2012-08-10UT07_24_14.07878133.sanae.vr2  2012-08-10UT07:24:16.621    49  2012-08-10UT07:24:16.665    51
 3 2012-08-10UT07_24_14.07878133.sanae.vr2  2012-08-10UT07:24:16.815    20  2012-08-10UT07:24:16.851    85  2012-08-10UT07:24:16.887    37
 1 2012-08-10UT07_24_14.07878133.sanae.vr2  2012-08-10UT07:24:17.701    12
 1 2012-08-10UT07_25_35.38438133.sanae.vr2  2012-08-10UT07:25:36.522    18
 2 2012-08-10UT07_25_35.38438133.sanae.vr2  2012-08-10UT07:25:36.698   110  2012-08-10UT07:25:36.736   103
 5 2012-08-10UT07_35_52.54918133.sanae.vr2  2012-08-10UT07:35:54.989   146  2012-08-10UT07:35:55.017   137  2012-08-10UT07:35:55.061    27  2012-08-10UT07:35:55.093    86  2012-08-10UT07:35:55.139    70
 3 2012-08-10UT07_35_52.54918133.sanae.vr2  2012-08-10UT07:35:55.263     9  2012-08-10UT07:35:55.323    62  2012-08-10UT07:35:55.363    82
 1 2012-08-10UT07_38_39.05158133.sanae.vr2  2012-08-10UT07:38:41.517    49
 5 2012-08-10UT07_38_39.05158133.sanae.vr2  2012-08-10UT07:38:41.623     7  2012-08-10UT07:38:41.663    70  2012-08-10UT07:38:41.761    11  2012-08-10UT07:38:41.849   140  2012-08-10UT07:38:41.887    20
 1 2012-08-10UT07_38_39.05158133.sanae.vr2  2012-08-10UT07:38:42.545     3
 2 2012-08-10UT07_38_39.05158133.sanae.vr2  2012-08-10UT07:38:42.663     1  2012-08-10UT07:38:42.705     2
 3 2012-08-10UT07_47_25.38758133.sanae.vr2  2012-08-10UT07:47:27.827    42  2012-08-10UT07:47:27.925    47  2012-08-10UT07:47:27.973     3
 3 2012-08-10UT07_47_25.38758133.sanae.vr2  2012-08-10UT07:47:28.083    91  2012-08-10UT07:47:28.159   218  2012-08-10UT07:47:28.197    99
 4 2012-08-10UT07_58_46.34758133.sanae.vr2  2012-08-10UT07:58:48.779    61  2012-08-10UT07:58:48.813    20  2012-08-10UT07:58:48.883    24  2012-08-10UT07:58:48.927    41
 3 2012-08-10UT07_58_46.34758133.sanae.vr2  2012-08-10UT07:58:49.055    27  2012-08-10UT07:58:49.107    60  2012-08-10UT07:58:49.145    30
 1 2012-08-10UT08_27_28.40838133.sanae.vr2  2012-08-10UT08:27:30.856   152
 2 2012-08-10UT08_27_28.40838133.sanae.vr2  2012-08-10UT08:27:30.968    45  2012-08-10UT08:27:30.994    68
 3 2012-08-10UT08_27_28.40838133.sanae.vr2  2012-08-10UT08:27:31.112    80  2012-08-10UT08:27:31.170   251  2012-08-10UT08:27:31.208   160
 1 2012-08-10UT08_27_28.40838133.sanae.vr2  2012-08-10UT08:27:32.324     9
 3 2012-08-10UT17_18_13.57958133.sanae.vr2  2012-08-10UT17:18:15.969     5  2012-08-10UT17:18:16.039    52  2012-08-10UT17:18:16.079    79
 2 2012-08-10UT21_59_25.41318125.sanae.vr2  2012-08-10UT21:59:27.828     9  2012-08-10UT21:59:27.882    42
 1 2012-08-10UT21_59_25.41318125.sanae.vr2  2012-08-10UT21:59:28.000    16
 1 2012-08-11UT01_28_22.04038133.sanae.vr2  2012-08-11UT01:28:24.716   105
 3 2012-08-11UT06_17_53.79078125.sanae.vr2  2012-08-11UT06:17:55.948    91  2012-08-11UT06:17:55.974    91  2012-08-11UT06:17:56.002    32
 1 2012-08-11UT06_17_53.79078125.sanae.vr2  2012-08-11UT06:17:57.074    10
 1 2012-08-11UT06_17_53.79078125.sanae.vr2  2012-08-11UT06:17:57.330     7
 2 2012-08-14UT04_50_40.12678125.sanae.vr2  2012-08-14UT04:50:42.506    84  2012-08-14UT04:50:42.546     2
 1 2012-08-14UT07_16_15.05158125.sanae.vr2  2012-08-14UT07:16:17.513    19
 1 2012-08-14UT07_16_15.05158125.sanae.vr2  2012-08-14UT07:16:17.615    40
 1 2012-08-14UT07_30_26.40518117.sanae.vr2  2012-08-14UT07:30:29.835    34
 1 2012-08-14UT07_30_26.40518117.sanae.vr2  2012-08-14UT07:30:30.821    18
 3 2012-08-14UT07_30_26.40518117.sanae.vr2  2012-08-14UT07:30:35.474     9  2012-08-14UT07:30:35.534    80  2012-08-14UT07:30:35.594     5
 3 2012-08-14UT07_39_02.70598117.sanae.vr2  2012-08-14UT07:39:05.522    58  2012-08-14UT07:39:05.588   102  2012-08-14UT07:39:05.634    15
 1 2012-08-14UT07_39_02.70598117.sanae.vr2  2012-08-14UT07:39:05.767     5
 1 2012-08-14UT07_39_02.70598117.sanae.vr2  2012-08-14UT07:39:05.909    81
 1 2012-08-14UT08_00_11.54438117.sanae.vr2  2012-08-14UT08:00:16.586    46
 5 2012-08-14UT08_00_11.54438117.sanae.vr2  2012-08-14UT08:00:17.090    54  2012-08-14UT08:00:17.110    16  2012-08-14UT08:00:17.152    39  2012-08-14UT08:00:17.220   188  2012-08-14UT08:00:17.264     3
 1 2012-08-14UT08_00_11.54438117.sanae.vr2  2012-08-14UT08:00:18.080    11
 1 2012-08-14UT08_20_35.53158117.sanae.vr2  2012-08-14UT08:20:38.017   114
 1 2012-08-14UT08_20_35.53158117.sanae.vr2  2012-08-14UT08:20:38.399    13
 2 2012-08-14UT08_41_26.55238117.sanae.vr2  2012-08-14UT08:41:28.946     7  2012-08-14UT08:41:28.976    45
 2 2012-08-14UT08_41_26.55238117.sanae.vr2  2012-08-14UT08:41:29.098     9  2012-08-14UT08:41:29.146     2
 1 2012-08-15UT07_12_40.01158117.sanae.vr2  2012-08-15UT07:12:43.069    32
 7 2012-08-15UT07_12_40.01158117.sanae.vr2  2012-08-15UT07:12:43.739    97  2012-08-15UT07:12:43.789   165  2012-08-15UT07:12:43.831    50  2012-08-15UT07:12:43.853   186  2012-08-15UT07:12:43.891    23  2012-08-15UT07:12:43.925    19  2012-08-15UT07:12:44.005    39
 2 2012-08-16UT04_03_12.07558117.sanae.vr2  2012-08-16UT04:03:14.461    68  2012-08-16UT04:03:14.483    99
 3 2012-08-16UT22_30_21.92518125.sanae.vr2  2012-08-16UT22:30:24.175    25  2012-08-16UT22:30:24.233    30  2012-08-16UT22:30:24.273    26
 2 2012-08-16UT22_30_21.92518125.sanae.vr2  2012-08-16UT22:30:24.390    89  2012-08-16UT22:30:24.412    19
 1 2012-08-16UT22_31_11.48678125.sanae.vr2  2012-08-16UT22:31:13.792    11
 3 2012-08-16UT22_31_11.48678125.sanae.vr2  2012-08-16UT22:31:13.898    93  2012-08-16UT22:31:13.914    84  2012-08-16UT22:31:13.942    81
 2 2012-08-16UT22_31_49.68198125.sanae.vr2  2012-08-16UT22:31:52.039     1  2012-08-16UT22:31:52.113    30
 2 2012-08-16UT22_31_49.68198125.sanae.vr2  2012-08-16UT22:31:52.231    48  2012-08-16UT22:31:52.273    57
 1 2012-08-19UT07_22_06.59078125.sanae.vr2  2012-08-19UT07:22:09.010     3
 1 2012-08-19UT07_22_06.59078125.sanae.vr2  2012-08-19UT07:22:09.658    43
 1 2012-08-19UT07_22_06.59078125.sanae.vr2  2012-08-19UT07:22:09.902     6
 2 2012-08-19UT07_22_06.59078125.sanae.vr2  2012-08-19UT07:22:10.020     3  2012-08-19UT07:22:10.106    11
 1 2012-08-19UT07_24_56.67718133.sanae.vr2  2012-08-19UT07:24:59.100    15
 2 2012-08-19UT07_24_56.67718133.sanae.vr2  2012-08-19UT07:24:59.478    13  2012-08-19UT07:24:59.574    30
 1 2012-08-19UT07_24_56.67718133.sanae.vr2  2012-08-19UT07:24:59.800    31
 1 2012-08-19UT07_32_27.64678125.sanae.vr2  2012-08-19UT07:32:30.008     2
 3 2012-08-19UT07_52_24.29318125.sanae.vr2  2012-08-19UT07:52:26.633    27  2012-08-19UT07:52:26.657    29  2012-08-19UT07:52:26.703    38
 2 2012-08-19UT07_52_24.29318125.sanae.vr2  2012-08-19UT07:52:26.879    74  2012-08-19UT07:52:26.941    28
 4 2012-08-19UT07_52_24.29318125.sanae.vr2  2012-08-19UT07:52:27.079    26  2012-08-19UT07:52:27.111    33  2012-08-19UT07:52:27.187    63  2012-08-19UT07:52:27.235    28
 3 2012-08-19UT07_52_24.29318125.sanae.vr2  2012-08-19UT07:52:27.335     4  2012-08-19UT07:52:27.405     9  2012-08-19UT07:52:27.441     3
 6 2012-08-19UT08_16_27.51878125.sanae.vr2  2012-08-19UT08:16:30.090    87  2012-08-19UT08:16:30.176    22  2012-08-19UT08:16:30.270    29  2012-08-19UT08:16:30.316   135  2012-08-19UT08:16:30.362    13  2012-08-19UT08:16:30.386    20
 5 2012-08-19UT08_16_27.51878125.sanae.vr2  2012-08-19UT08:16:30.604    12  2012-08-19UT08:16:30.656    17  2012-08-19UT08:16:30.734    39  2012-08-19UT08:16:30.782    17  2012-08-19UT08:16:30.876     1
 3 2012-08-19UT16_06_44.04358133.sanae.vr2  2012-08-19UT16:06:46.405    10  2012-08-19UT16:06:46.457    30  2012-08-19UT16:06:46.515     1
 2 2012-08-20UT03_56_31.48678125.sanae.vr2  2012-08-20UT03:56:34.726   186  2012-08-20UT03:56:34.826   156
 2 2012-08-20UT04_04_23.55078125.sanae.vr2  2012-08-20UT04:04:25.945    13  2012-08-20UT04:04:26.037    32
 1 2012-08-20UT04_04_23.55078125.sanae.vr2  2012-08-20UT04:04:27.135     2
 1 2012-08-20UT04_04_23.55078125.sanae.vr2  2012-08-20UT04:04:27.531     2
 7 2012-08-20UT04_04_23.55078125.sanae.vr2  2012-08-20UT04:04:27.653    29  2012-08-20UT04:04:27.747   276  2012-08-20UT04:04:27.788    44  2012-08-20UT04:04:27.843   108  2012-08-20UT04:04:27.880    40  2012-08-20UT04:04:27.936    55  2012-08-20UT04:04:28.000     8
 1 2012-08-20UT04_17_05.40678125.sanae.vr2  2012-08-20UT04:17:07.818   116
 9 2012-08-24UT07_55_48.68358125.sanae.vr2  2012-08-24UT07:55:51.401    16  2012-08-24UT07:55:51.457   119  2012-08-24UT07:55:51.523   165  2012-08-24UT07:55:51.587   389  2012-08-24UT07:55:51.617   169  2012-08-24UT07:55:51.645   307  2012-08-24UT07:55:51.699     2  2012-08-24UT07:55:51.731    18  2012-08-24UT07:55:51.755     2
 5 2012-08-24UT08_09_52.15238125.sanae.vr2  2012-08-24UT08:09:55.198    61  2012-08-24UT08:09:55.272    68  2012-08-24UT08:09:55.328   354  2012-08-24UT08:09:55.394    50  2012-08-24UT08:09:55.424   109
 7 2012-08-24UT08_09_52.15238125.sanae.vr2  2012-08-24UT08:09:57.936   122  2012-08-24UT08:09:57.984    58  2012-08-24UT08:09:58.066   343  2012-08-24UT08:09:58.090     1  2012-08-24UT08:09:58.128    85  2012-08-24UT08:09:58.194   102  2012-08-24UT08:09:58.276    10
 1 2012-08-24UT08_09_52.15238125.sanae.vr2  2012-08-24UT08:09:58.938   152
 1 2012-08-24UT08_10_35.05798125.sanae.vr2  2012-08-24UT08:10:35.974    31
 4 2012-08-24UT08_10_35.05798125.sanae.vr2  2012-08-24UT08:10:37.325     2  2012-08-24UT08:10:37.403    32  2012-08-24UT08:10:37.455   245  2012-08-24UT08:10:37.509     7
 1 2012-08-24UT08_10_35.05798125.sanae.vr2  2012-08-24UT08:10:37.831    51
 1 2012-08-25UT06_03_02.80838125.sanae.vr2  2012-08-25UT06:03:05.290   134
 3 2012-08-25UT06_03_02.80838125.sanae.vr2  2012-08-25UT06:03:05.526    95  2012-08-25UT06:03:05.586   268  2012-08-25UT06:03:05.648    52
 2 2012-08-25UT06_03_02.80838125.sanae.vr2  2012-08-25UT06:03:09.550     2  2012-08-25UT06:03:09.576   149
 1 2012-08-25UT06_27_15.04518125.sanae.vr2  2012-08-25UT06:27:17.480   124
 2 2012-08-25UT06_27_15.04518125.sanae.vr2  2012-08-25UT06:27:17.606    89  2012-08-25UT06:27:17.700    16
 3 2012-08-25UT06_36_59.03238125.sanae.vr2  2012-08-25UT06:37:01.410    75  2012-08-25UT06:37:01.458    23  2012-08-25UT06:37:01.498    80
 3 2012-08-25UT06_36_59.03238125.sanae.vr2  2012-08-25UT06:37:01.754    61  2012-08-25UT06:37:01.798   179  2012-08-25UT06:37:01.852   194
 1 2012-08-25UT06_38_38.15558125.sanae.vr2  2012-08-25UT06:38:40.544     3
 3 2012-08-25UT06_38_38.15558125.sanae.vr2  2012-08-25UT06:38:43.112    39  2012-08-25UT06:38:43.140    37  2012-08-25UT06:38:43.190    13
 4 2012-08-25UT06_38_38.15558125.sanae.vr2  2012-08-25UT06:38:43.422    29  2012-08-25UT06:38:43.448    33  2012-08-25UT06:38:43.496    90  2012-08-25UT06:38:43.526   124
 2 2012-08-25UT06_43_31.94118125.sanae.vr2  2012-08-25UT06:43:34.304    46  2012-08-25UT06:43:34.330    55
 3 2012-08-25UT06_43_55.69798125.sanae.vr2  2012-08-25UT06:43:58.038   101  2012-08-25UT06:43:58.076    78  2012-08-25UT06:43:58.126     1
 4 2012-08-25UT06_43_55.69798125.sanae.vr2  2012-08-25UT06:43:58.380    58  2012-08-25UT06:43:58.426   152  2012-08-25UT06:43:58.460   156  2012-08-25UT06:43:58.494     1
 3 2012-08-25UT06_45_01.33638125.sanae.vr2  2012-08-25UT06:45:03.718    10  2012-08-25UT06:45:03.752    90  2012-08-25UT06:45:03.804    68
 3 2012-08-25UT06_45_01.33638125.sanae.vr2  2012-08-25UT06:45:04.054    51  2012-08-25UT06:45:04.102   103  2012-08-25UT06:45:04.132    86
 3 2012-08-25UT06_45_01.33638125.sanae.vr2  2012-08-25UT06:45:07.052   124  2012-08-25UT06:45:07.090   125  2012-08-25UT06:45:07.141   136
 5 2012-08-25UT06_45_01.33638125.sanae.vr2  2012-08-25UT06:45:07.337    16  2012-08-25UT06:45:07.367    54  2012-08-25UT06:45:07.391    85  2012-08-25UT06:45:07.439   157  2012-08-25UT06:45:07.471   100
 2 2012-08-25UT06_51_56.97798125.sanae.vr2  2012-08-25UT06:51:59.042    11  2012-08-25UT06:51:59.096    50
 3 2012-08-25UT06_51_56.97798125.sanae.vr2  2012-08-25UT06:51:59.352    33  2012-08-25UT06:51:59.392   134  2012-08-25UT06:51:59.428   123
 3 2012-08-25UT07_27_29.86758125.sanae.vr2  2012-08-25UT07:27:32.642    66  2012-08-25UT07:27:32.676   127  2012-08-25UT07:27:32.718    80
 1 2012-08-25UT07_27_29.86758125.sanae.vr2  2012-08-25UT07:27:32.908     5
 2 2012-08-25UT07_27_29.86758125.sanae.vr2  2012-08-25UT07:27:36.296     2  2012-08-25UT07:27:36.336    16
 2 2012-08-25UT07_54_56.04998125.sanae.vr2  2012-08-25UT07:54:58.819    26  2012-08-25UT07:54:58.871    21
 1 2012-08-25UT07_54_56.04998125.sanae.vr2  2012-08-25UT07:54:59.037   205
 1 2012-08-25UT08_42_59.73638125.sanae.vr2  2012-08-25UT08:43:02.200    11
 1 2012-08-25UT08_42_59.73638125.sanae.vr2  2012-08-25UT08:43:02.574    98
 1 2012-08-25UT09_05_06.53318125.sanae.vr2  2012-08-25UT09:05:09.396   126
 1 2012-08-25UT09_14_00.13958125.sanae.vr2  2012-08-25UT09:14:02.272     3
 3 2012-08-25UT09_14_00.13958125.sanae.vr2  2012-08-25UT09:14:02.558     1  2012-08-25UT09:14:02.582    26  2012-08-25UT09:14:02.624   144
 1 2012-08-25UT09_14_00.13958125.sanae.vr2  2012-08-25UT09:14:04.490    46
 1 2012-08-25UT09_41_59.19238125.sanae.vr2  2012-08-25UT09:42:01.578     5
 2 2012-08-25UT09_41_59.19238125.sanae.vr2  2012-08-25UT09:42:01.756    33  2012-08-25UT09:42:01.816    20
 1 2012-08-25UT09_41_59.19238125.sanae.vr2  2012-08-25UT09:42:02.016    70
 1 2012-08-25UT09_41_59.19238125.sanae.vr2  2012-08-25UT09:42:05.759     9
 2 2012-08-25UT09_45_53.58598125.sanae.vr2  2012-08-25UT09:45:56.162   138  2012-08-25UT09:45:56.234    39
 1 2012-08-25UT09_45_53.58598125.sanae.vr2  2012-08-25UT09:45:56.428    62
 2 2012-08-26UT02_12_29.69478125.sanae.vr2  2012-08-26UT02:12:32.116     1  2012-08-26UT02:12:32.174   181
 1 2012-08-26UT02_12_29.69478125.sanae.vr2  2012-08-26UT02:12:32.284    12
 2 2012-08-26UT02_12_29.69478125.sanae.vr2  2012-08-26UT02:12:34.276   129  2012-08-26UT02:12:34.312    66
 1 2012-08-26UT02_37_42.34758125.sanae.vr2  2012-08-26UT02:37:43.611   111
 1 2012-08-26UT02_37_42.34758125.sanae.vr2  2012-08-26UT02:37:43.721   101
 1 2012-08-26UT02_37_42.34758125.sanae.vr2  2012-08-26UT02:37:43.907    48
 3 2012-08-26UT02_37_42.34758125.sanae.vr2  2012-08-26UT02:37:44.819   194  2012-08-26UT02:37:44.861    99  2012-08-26UT02:37:44.889   103
 1 2012-08-26UT02_44_23.96038125.sanae.vr2  2012-08-26UT02:44:26.436   104
 1 2012-08-26UT02_44_23.96038125.sanae.vr2  2012-08-26UT02:44:26.562    10
 3 2012-08-26UT02_44_23.96038125.sanae.vr2  2012-08-26UT02:44:29.028    15  2012-08-26UT02:44:29.082   193  2012-08-26UT02:44:29.144    50
 1 2012-08-26UT02_45_02.36038125.sanae.vr2  2012-08-26UT02:45:03.608   180
 1 2012-08-26UT02_45_02.36038125.sanae.vr2  2012-08-26UT02:45:03.714    60
 2 2012-08-26UT02_52_25.64998125.sanae.vr2  2012-08-26UT02:52:28.095   149  2012-08-26UT02:52:28.195    80
 1 2012-08-26UT04_22_24.89478125.sanae.vr2  2012-08-26UT04:22:27.294    36
 5 2012-08-26UT04_22_24.89478125.sanae.vr2  2012-08-26UT04:22:28.326    65  2012-08-26UT04:22:28.398   169  2012-08-26UT04:22:28.428     2  2012-08-26UT04:22:28.502    53  2012-08-26UT04:22:28.568   211
 3 2012-08-26UT04_22_24.89478125.sanae.vr2  2012-08-26UT04:22:29.172    25  2012-08-26UT04:22:29.208    27  2012-08-26UT04:22:29.234    35
 1 2012-08-26UT05_43_46.30278125.sanae.vr2  2012-08-26UT05:43:48.750    43
 1 2012-08-26UT06_12_24.36998125.sanae.vr2  2012-08-26UT06:12:26.758     9
 1 2012-08-26UT06_12_24.36998125.sanae.vr2  2012-08-26UT06:12:26.920    80
 3 2012-08-26UT06_12_24.36998125.sanae.vr2  2012-08-26UT06:12:27.721     8  2012-08-26UT06:12:27.811    72  2012-08-26UT06:12:27.875    34
 2 2012-08-26UT06_13_07.78758125.sanae.vr2  2012-08-26UT06:13:10.199    23  2012-08-26UT06:13:10.265    44
 2 2012-08-26UT06_13_07.78758125.sanae.vr2  2012-08-26UT06:13:10.511    36  2012-08-26UT06:13:10.535    49
 2 2012-08-27UT00_10_11.30118125.sanae.vr2  2012-08-27UT00:10:13.658    88  2012-08-27UT00:10:13.706     7
 5 2012-08-27UT02_44_08.39558133.sanae.vr2  2012-08-27UT02:44:10.833   120  2012-08-27UT02:44:10.863   124  2012-08-27UT02:44:10.893   200  2012-08-27UT02:44:10.915    36  2012-08-27UT02:44:10.951     9
 2 2012-08-27UT02_55_53.72678125.sanae.vr2  2012-08-27UT02:55:56.125    51  2012-08-27UT02:55:56.197   184
 2 2012-08-27UT02_55_53.72678125.sanae.vr2  2012-08-27UT02:55:59.162    50  2012-08-27UT02:55:59.234   113
 3 2012-08-27UT02_55_53.72678125.sanae.vr2  2012-08-27UT02:56:02.238     2  2012-08-27UT02:56:02.264     7  2012-08-27UT02:56:02.322    62
 5 2012-08-27UT02_56_22.29638125.sanae.vr2  2012-08-27UT02:56:24.684   182  2012-08-27UT02:56:24.736    50  2012-08-27UT02:56:24.760   189  2012-08-27UT02:56:24.820    23  2012-08-27UT02:56:24.856    38
 3 2012-08-27UT02_58_47.29478125.sanae.vr2  2012-08-27UT02:58:49.738    79  2012-08-27UT02:58:49.806    12  2012-08-27UT02:58:49.846    10
 1 2012-08-27UT02_58_47.29478125.sanae.vr2  2012-08-27UT02:58:50.246    96
 3 2012-08-27UT03_01_02.87238125.sanae.vr2  2012-08-27UT03:01:05.234   123  2012-08-27UT03:01:05.302   222  2012-08-27UT03:01:05.360     6
 4 2012-08-27UT03_01_02.87238125.sanae.vr2  2012-08-27UT03:01:07.030   169  2012-08-27UT03:01:07.074    25  2012-08-27UT03:01:07.102   230  2012-08-27UT03:01:07.162    16
 2 2012-08-27UT04_39_53.47078125.sanae.vr2  2012-08-27UT04:39:55.932   272  2012-08-27UT04:39:55.992    31
 1 2012-08-27UT05_00_41.72678125.sanae.vr2  2012-08-27UT05:00:43.660     4
 1 2012-08-27UT05_00_41.72678125.sanae.vr2  2012-08-27UT05:00:43.976     6
 1 2012-08-27UT05_00_41.72678125.sanae.vr2  2012-08-27UT05:00:44.148   132
 1 2012-08-27UT05_00_41.72678125.sanae.vr2  2012-08-27UT05:00:44.318   113
 1 2012-08-27UT06_32_45.28518125.sanae.vr2  2012-08-27UT06:32:47.723    56
 2 2012-08-27UT06_32_45.28518125.sanae.vr2  2012-08-27UT06:32:48.099   157  2012-08-27UT06:32:48.135    72
 1 2012-08-27UT06_32_45.28518125.sanae.vr2  2012-08-27UT06:32:48.409    66
 1 2012-08-27UT06_33_47.44198125.sanae.vr2  2012-08-27UT06:33:49.330    66
 4 2012-08-27UT06_33_47.44198125.sanae.vr2  2012-08-27UT06:33:49.710    33  2012-08-27UT06:33:49.750    35  2012-08-27UT06:33:49.806     6  2012-08-27UT06:33:49.884   217
 1 2012-08-27UT06_33_47.44198125.sanae.vr2  2012-08-27UT06:33:50.018   164
 2 2012-08-27UT06_33_47.44198125.sanae.vr2  2012-08-27UT06:33:50.250    81  2012-08-27UT06:33:50.296    36
 2 2012-08-27UT06_34_18.26438125.sanae.vr2  2012-08-27UT06:34:20.744    53  2012-08-27UT06:34:20.806    22
 2 2012-08-27UT06_34_18.26438125.sanae.vr2  2012-08-27UT06:34:21.115   136  2012-08-27UT06:34:21.145    86
 1 2012-08-27UT06_34_18.26438125.sanae.vr2  2012-08-27UT06:34:21.289    73
 1 2012-08-27UT06_34_18.26438125.sanae.vr2  2012-08-27UT06:34:21.421    69
 1 2012-08-27UT06_34_18.26438125.sanae.vr2  2012-08-27UT06:34:21.665    13
 2 2012-08-27UT06_42_08.89478125.sanae.vr2  2012-08-27UT06:42:13.911   150  2012-08-27UT06:42:13.975    70
 3 2012-08-27UT06_42_08.89478125.sanae.vr2  2012-08-27UT06:42:14.317    46  2012-08-27UT06:42:14.399    53  2012-08-27UT06:42:14.435    11
 1 2012-08-27UT06_42_08.89478125.sanae.vr2  2012-08-27UT06:42:14.597   125
 3 2012-08-27UT06_52_28.82438125.sanae.vr2  2012-08-27UT06:52:31.234    62  2012-08-27UT06:52:31.284     2  2012-08-27UT06:52:31.322    70
 3 2012-08-27UT06_52_28.82438125.sanae.vr2  2012-08-27UT06:52:31.600     1  2012-08-27UT06:52:31.628    64  2012-08-27UT06:52:31.728    42
 3 2012-08-27UT07_46_29.06758125.sanae.vr2  2012-08-27UT07:46:31.470    26  2012-08-27UT07:46:31.516    33  2012-08-27UT07:46:31.614    16
 3 2012-08-27UT07_46_29.06758125.sanae.vr2  2012-08-27UT07:46:31.876   115  2012-08-27UT07:46:31.926    92  2012-08-27UT07:46:32.006     7
 1 2012-08-27UT08_11_24.31238125.sanae.vr2  2012-08-27UT08:11:26.702     1
 1 2012-08-27UT08_11_24.31238125.sanae.vr2  2012-08-27UT08:11:26.886   106
 3 2012-08-27UT08_11_24.31238125.sanae.vr2  2012-08-27UT08:11:27.024    33  2012-08-27UT08:11:27.050   120  2012-08-27UT08:11:27.090     9
 1 2012-08-27UT08_11_40.59398125.sanae.vr2  2012-08-27UT08:11:41.026     2
 2 2012-08-27UT08_11_40.59398125.sanae.vr2  2012-08-27UT08:11:43.867    13  2012-08-27UT08:11:43.891    13
 1 2012-08-27UT08_11_40.59398125.sanae.vr2  2012-08-27UT08:11:44.051   237
 3 2012-08-27UT08_11_40.59398125.sanae.vr2  2012-08-27UT08:11:44.191    50  2012-08-27UT08:11:44.213   144  2012-08-27UT08:11:44.243    25
 3 2012-08-27UT08_20_31.74278125.sanae.vr2  2012-08-27UT08:20:35.002    48  2012-08-27UT08:20:35.100   105  2012-08-27UT08:20:35.186   180
 1 2012-08-27UT08_20_31.74278125.sanae.vr2  2012-08-27UT08:20:35.336   259
 2 2012-08-27UT08_20_31.74278125.sanae.vr2  2012-08-27UT08:20:35.438     5  2012-08-27UT08:20:35.494    18
 3 2012-08-27UT08_20_58.46918125.sanae.vr2  2012-08-27UT08:21:00.895   126  2012-08-27UT08:21:00.971    53  2012-08-27UT08:21:01.059   199
 1 2012-08-27UT08_20_58.46918125.sanae.vr2  2012-08-27UT08:21:01.211    82
 2 2012-08-27UT08_20_58.46918125.sanae.vr2  2012-08-27UT08:21:01.315    33  2012-08-27UT08:21:01.363    68
 1 2012-08-27UT08_20_58.46918125.sanae.vr2  2012-08-27UT08:21:01.569     7
 1 2012-08-27UT08_23_00.93958125.sanae.vr2  2012-08-27UT08:23:03.337    36
 2 2012-08-27UT08_23_00.93958125.sanae.vr2  2012-08-27UT08:23:03.441    21  2012-08-27UT08:23:03.525   135
 1 2012-08-27UT08_23_00.93958125.sanae.vr2  2012-08-27UT08:23:03.679    56
 1 2012-08-27UT08_23_00.93958125.sanae.vr2  2012-08-27UT08:23:03.839    20
 1 2012-08-27UT08_23_00.93958125.sanae.vr2  2012-08-27UT08:23:04.025    31
 3 2012-08-27UT08_23_22.75078125.sanae.vr2  2012-08-27UT08:23:25.206    15  2012-08-27UT08:23:25.294    53  2012-08-27UT08:23:25.378   138
 1 2012-08-27UT08_23_22.75078125.sanae.vr2  2012-08-27UT08:23:25.526    80
 2 2012-08-27UT08_24_02.78918125.sanae.vr2  2012-08-27UT08:24:05.249     6  2012-08-27UT08:24:05.273     7
 1 2012-08-27UT08_24_02.78918125.sanae.vr2  2012-08-27UT08:24:05.437   200
 2 2012-08-27UT08_24_02.78918125.sanae.vr2  2012-08-27UT08:24:05.589   164  2012-08-27UT08:24:05.619    18
 1 2012-08-27UT08_24_02.78918125.sanae.vr2  2012-08-27UT08:24:05.941    19
 1 2012-08-27UT08_24_05.14438125.sanae.vr2  2012-08-27UT08:24:05.436   224
 2 2012-08-27UT08_24_05.14438125.sanae.vr2  2012-08-27UT08:24:05.588   215  2012-08-27UT08:24:05.622    24
 1 2012-08-27UT08_24_05.14438125.sanae.vr2  2012-08-27UT08:24:05.940    22
 1 2012-08-27UT08_30_48.49798125.sanae.vr2  2012-08-27UT08:30:50.900    14
 1 2012-08-27UT08_30_48.49798125.sanae.vr2  2012-08-27UT08:30:51.072    32
 1 2012-08-27UT08_30_48.49798125.sanae.vr2  2012-08-27UT08:30:51.224    60
 3 2012-08-27UT08_30_48.49798125.sanae.vr2  2012-08-27UT08:30:52.144    28  2012-08-27UT08:30:52.232     8  2012-08-27UT08:30:52.322    22
 1 2012-08-27UT08_30_48.49798125.sanae.vr2  2012-08-27UT08:30:52.480    49
 2 2012-08-27UT08_34_47.39718125.sanae.vr2  2012-08-27UT08:34:51.550    14  2012-08-27UT08:34:51.588    57
 1 2012-08-27UT08_34_47.39718125.sanae.vr2  2012-08-27UT08:34:51.708    56
 4 2012-08-27UT08_34_47.39718125.sanae.vr2  2012-08-27UT08:34:51.896   196  2012-08-27UT08:34:51.954    14  2012-08-27UT08:34:51.984    87  2012-08-27UT08:34:52.066    18
 1 2012-08-27UT08_34_47.39718125.sanae.vr2  2012-08-27UT08:34:52.262    44
 1 2012-08-27UT09_57_36.25478125.sanae.vr2  2012-08-27UT09:57:38.640   117
 1 2012-08-27UT09_57_36.25478125.sanae.vr2  2012-08-27UT09:57:38.822    28
 1 2012-08-28UT05_44_50.91718125.sanae.vr2  2012-08-28UT05:44:53.149    43
 2 2012-08-28UT05_44_50.91718125.sanae.vr2  2012-08-28UT05:44:53.381   139  2012-08-28UT05:44:53.403    61
 1 2012-08-28UT05_44_50.91718125.sanae.vr2  2012-08-28UT05:44:53.527    79
 1 2012-08-28UT05_44_50.91718125.sanae.vr2  2012-08-28UT05:44:53.955    34
 1 2012-08-28UT05_44_50.91718125.sanae.vr2  2012-08-28UT05:44:54.281     4
 2 2012-08-28UT06_40_57.52198125.sanae.vr2  2012-08-28UT06:40:59.982   209  2012-08-28UT06:41:00.040     1
 1 2012-08-28UT06_40_57.52198125.sanae.vr2  2012-08-28UT06:41:00.512    49
 2 2012-08-28UT06_40_57.52198125.sanae.vr2  2012-08-28UT06:41:00.850    31  2012-08-28UT06:41:00.878    77
 4 2012-08-28UT06_47_40.26118125.sanae.vr2  2012-08-28UT06:47:42.732   244  2012-08-28UT06:47:42.792    41  2012-08-28UT06:47:42.820     7  2012-08-28UT06:47:42.854    58
 1 2012-08-28UT06_47_40.26118125.sanae.vr2  2012-08-28UT06:47:43.094    31
 3 2012-08-28UT07_22_16.93318125.sanae.vr2  2012-08-28UT07:22:19.369    67  2012-08-28UT07:22:19.436    10  2012-08-28UT07:22:19.492    15
 1 2012-08-28UT07_22_16.93318125.sanae.vr2  2012-08-28UT07:22:19.702    49
 2 2012-08-28UT07_22_16.93318125.sanae.vr2  2012-08-28UT07:22:20.814   201  2012-08-28UT07:22:20.870    12
 1 2012-08-28UT07_42_36.31238125.sanae.vr2  2012-08-28UT07:42:38.758    38
 1 2012-08-28UT07_42_36.31238125.sanae.vr2  2012-08-28UT07:42:41.018   112
 1 2012-08-28UT07_42_36.31238125.sanae.vr2  2012-08-28UT07:42:41.130    22
 2 2012-08-28UT08_58_27.37798125.sanae.vr2  2012-08-28UT08:58:32.549    22  2012-08-28UT08:58:32.593   279
 2 2012-08-28UT08_58_27.37798125.sanae.vr2  2012-08-28UT08:58:32.867    32  2012-08-28UT08:58:32.935    40
 1 2012-08-28UT11_40_08.85638125.sanae.vr2  2012-08-28UT11:40:11.342    22
 2 2012-08-28UT11_40_08.85638125.sanae.vr2  2012-08-28UT11:40:11.524     6  2012-08-28UT11:40:11.608    46
 1 2012-08-29UT04_52_34.91718125.sanae.vr2  2012-08-29UT04:52:37.351     6
 2 2012-08-29UT04_52_34.91718125.sanae.vr2  2012-08-29UT04:52:38.313    48  2012-08-29UT04:52:38.409    51
 1 2012-08-29UT04_52_34.91718125.sanae.vr2  2012-08-29UT04:52:40.537     9
 2 2012-08-29UT04_52_34.91718125.sanae.vr2  2012-08-29UT04:52:41.107     8  2012-08-29UT04:52:41.143     7
 2 2012-08-29UT04_52_34.91718125.sanae.vr2  2012-08-29UT04:52:41.531    48  2012-08-29UT04:52:41.583     7
 1 2012-08-29UT04_52_34.91718125.sanae.vr2  2012-08-29UT04:52:42.077    27
 9 2012-08-29UT04_52_34.91718125.sanae.vr2  2012-08-29UT04:52:42.207    41  2012-08-29UT04:52:42.251     7  2012-08-29UT04:52:42.321    30  2012-08-29UT04:52:42.369    35  2012-08-29UT04:52:42.403    52  2012-08-29UT04:52:42.461     8  2012-08-29UT04:52:42.507    55  2012-08-29UT04:52:42.601    10  2012-08-29UT04:52:42.655    41
 1 2012-08-29UT06_24_00.38278125.sanae.vr2  2012-08-29UT06:24:02.838    57
 2 2012-08-29UT06_24_00.38278125.sanae.vr2  2012-08-29UT06:24:03.528    67  2012-08-29UT06:24:03.550    61
 2 2012-08-29UT06_24_00.38278125.sanae.vr2  2012-08-29UT06:24:03.848    90  2012-08-29UT06:24:03.880    31
 1 2012-08-29UT06_24_00.38278125.sanae.vr2  2012-08-29UT06:24:05.670    33
 1 2012-08-29UT06_24_00.38278125.sanae.vr2  2012-08-29UT06:24:06.146     9
 4 2012-08-29UT06_24_00.38278125.sanae.vr2  2012-08-29UT06:24:06.324    37  2012-08-29UT06:24:06.366    10  2012-08-29UT06:24:06.418    75  2012-08-29UT06:24:06.476    13
 2 2012-08-29UT06_24_00.38278125.sanae.vr2  2012-08-29UT06:24:07.308    98  2012-08-29UT06:24:07.362    70
 3 2012-08-29UT06_45_09.32358125.sanae.vr2  2012-08-29UT06:45:11.707    33  2012-08-29UT06:45:11.745    49  2012-08-29UT06:45:11.823    34
 1 2012-08-29UT06_45_09.32358125.sanae.vr2  2012-08-29UT06:45:12.147     1
 3 2012-08-29UT07_00_12.08198125.sanae.vr2  2012-08-29UT07:00:14.468   154  2012-08-29UT07:00:14.492   143  2012-08-29UT07:00:14.540    24
 4 2012-08-29UT07_00_12.08198125.sanae.vr2  2012-08-29UT07:00:17.124   125  2012-08-29UT07:00:17.154    99  2012-08-29UT07:00:17.226    23  2012-08-29UT07:00:17.264    13
 2 2012-08-29UT07_00_12.08198125.sanae.vr2  2012-08-29UT07:00:18.084    12  2012-08-29UT07:00:18.108    14
 4 2012-08-29UT07_00_12.08198125.sanae.vr2  2012-08-29UT07:00:18.420    37  2012-08-29UT07:00:18.462    33  2012-08-29UT07:00:18.514   118  2012-08-29UT07:00:18.576     3
 1 2012-08-29UT07_00_12.08198125.sanae.vr2  2012-08-29UT07:00:22.321    32
 2 2012-08-29UT07_00_12.08198125.sanae.vr2  2012-08-29UT07:00:22.819    68  2012-08-29UT07:00:22.849    92
 2 2012-08-29UT08_03_31.42918125.sanae.vr2  2012-08-29UT08:03:31.747    15  2012-08-29UT08:03:31.789   103
 3 2012-08-29UT08_03_31.42918125.sanae.vr2  2012-08-29UT08:03:32.099    61  2012-08-29UT08:03:32.143    19  2012-08-29UT08:03:32.207    93
 1 2012-08-29UT08_03_31.42918125.sanae.vr2  2012-08-29UT08:03:32.915     6
 1 2012-08-29UT08_03_31.42918125.sanae.vr2  2012-08-29UT08:03:34.633    22
 3 2012-08-29UT09_14_46.73158125.sanae.vr2  2012-08-29UT09:14:49.203    67  2012-08-29UT09:14:49.231    73  2012-08-29UT09:14:49.293    25
 1 2012-08-31UT08_42_02.39238125.sanae.vr2  2012-08-31UT08:42:05.035    59
 4 2012-08-31UT08_42_02.39238125.sanae.vr2  2012-08-31UT08:42:05.259    52  2012-08-31UT08:42:05.295    63  2012-08-31UT08:42:05.393    32  2012-08-31UT08:42:05.463    13
 1 2012-08-31UT09_48_32.30598125.sanae.vr2  2012-08-31UT09:48:34.745     5
 1 2012-08-31UT09_48_32.30598125.sanae.vr2  2012-08-31UT09:48:35.069    11
 2 2012-08-31UT09_48_32.30598125.sanae.vr2  2012-08-31UT09:48:35.235    47  2012-08-31UT09:48:35.265    21
 3 2012-08-31UT09_54_57.94438125.sanae.vr2  2012-08-31UT09:55:00.341    31  2012-08-31UT09:55:00.377    13  2012-08-31UT09:55:00.453    38
 1 2012-08-31UT10_57_18.71878125.sanae.vr2  2012-08-31UT10:57:21.100    69
 2 2012-09-03UT04_22_39.74278125.sanae.vr2  2012-09-03UT04:22:45.034    93  2012-09-03UT04:22:45.120    92
 3 2012-09-03UT04_28_47.97318125.sanae.vr2  2012-09-03UT04:28:49.517    12  2012-09-03UT04:28:49.541     4  2012-09-03UT04:28:49.627    54
 2 2012-09-03UT05_27_27.97318125.sanae.vr2  2012-09-03UT05:27:30.411    82  2012-09-03UT05:27:30.464   144
 1 2012-09-03UT05_27_27.97318125.sanae.vr2  2012-09-03UT05:27:30.598    48
 4 2012-09-03UT05_28_10.26438125.sanae.vr2  2012-09-03UT05:28:14.526    74  2012-09-03UT05:28:14.580   255  2012-09-03UT05:28:14.630     9  2012-09-03UT05:28:14.712    70
 2 2012-09-03UT05_32_36.09478125.sanae.vr2  2012-09-03UT05:32:38.504   152  2012-09-03UT05:32:38.550   187
 2 2012-09-03UT05_45_44.77958125.sanae.vr2  2012-09-03UT05:45:47.197   267  2012-09-03UT05:45:47.247   257
 1 2012-09-03UT05_45_44.77958125.sanae.vr2  2012-09-03UT05:45:47.423    69
 2 2012-09-03UT05_52_22.91078125.sanae.vr2  2012-09-03UT05:52:25.294    32  2012-09-03UT05:52:25.346    26
 1 2012-09-03UT05_52_22.91078125.sanae.vr2  2012-09-03UT05:52:25.518    10
 2 2012-09-03UT05_52_22.91078125.sanae.vr2  2012-09-03UT05:52:25.746   109  2012-09-03UT05:52:25.776    83
 1 2012-09-03UT05_52_22.91078125.sanae.vr2  2012-09-03UT05:52:25.976    16
 2 2012-09-03UT06_04_14.69318125.sanae.vr2  2012-09-03UT06:04:17.690   163  2012-09-03UT06:04:17.746    69
 1 2012-09-03UT06_04_14.69318125.sanae.vr2  2012-09-03UT06:04:17.922   103
 1 2012-09-03UT06_10_07.76838125.sanae.vr2  2012-09-03UT06:10:11.038   228
 1 2012-09-03UT06_10_07.76838125.sanae.vr2  2012-09-03UT06:10:11.262    62
 2 2012-09-03UT06_29_06.96838125.sanae.vr2  2012-09-03UT06:29:09.558    31  2012-09-03UT06:29:09.596   253
 1 2012-09-03UT06_29_06.96838125.sanae.vr2  2012-09-03UT06:29:09.726    17
 1 2012-09-03UT06_29_06.96838125.sanae.vr2  2012-09-03UT06:29:10.050    50
 3 2012-09-03UT06_29_06.96838125.sanae.vr2  2012-09-03UT06:29:10.214    57  2012-09-03UT06:29:10.254   258  2012-09-03UT06:29:10.310    49
 2 2012-09-03UT06_29_06.96838125.sanae.vr2  2012-09-03UT06:29:14.180    43  2012-09-03UT06:29:14.216   152
 2 2012-09-03UT06_29_06.96838125.sanae.vr2  2012-09-03UT06:29:16.380    92  2012-09-03UT06:29:16.412    80
 1 2012-09-03UT06_29_06.96838125.sanae.vr2  2012-09-03UT06:29:16.596    79
 1 2012-09-03UT06_29_06.96838125.sanae.vr2  2012-09-03UT06:29:17.861    74
 2 2012-09-03UT06_29_06.96838125.sanae.vr2  2012-09-03UT06:29:18.079    54  2012-09-03UT06:29:18.115   238
 1 2012-09-03UT06_29_06.96838125.sanae.vr2  2012-09-03UT06:29:18.265    32
 1 2012-09-03UT06_54_33.44518125.sanae.vr2  2012-09-03UT06:54:35.905    85
 1 2012-09-03UT06_54_33.44518125.sanae.vr2  2012-09-03UT06:54:36.127   104
 1 2012-09-03UT06_54_33.44518125.sanae.vr2  2012-09-03UT06:54:37.190    76
 1 2012-09-03UT06_54_33.44518125.sanae.vr2  2012-09-03UT06:54:38.766     7
 1 2012-09-03UT06_54_49.21478125.sanae.vr2  2012-09-03UT06:54:51.636    46
 2 2012-09-03UT06_54_49.21478125.sanae.vr2  2012-09-03UT06:54:51.816     5  2012-09-03UT06:54:51.856   136
 1 2012-09-03UT06_58_13.29798125.sanae.vr2  2012-09-03UT06:58:15.722    48
 2 2012-09-03UT06_58_13.29798125.sanae.vr2  2012-09-03UT06:58:15.944   144  2012-09-03UT06:58:16.038    67
 1 2012-09-03UT06_58_13.29798125.sanae.vr2  2012-09-03UT06:58:18.753    64
 1 2012-09-03UT06_58_13.29798125.sanae.vr2  2012-09-03UT06:58:19.637    13
 1 2012-09-03UT07_00_18.32838125.sanae.vr2  2012-09-03UT07:00:20.724   125
 2 2012-09-03UT07_00_18.32838125.sanae.vr2  2012-09-03UT07:00:20.906     5  2012-09-03UT07:00:20.946   112
 1 2012-09-03UT07_01_23.35238125.sanae.vr2  2012-09-03UT07:01:25.769    87
 2 2012-09-03UT07_01_23.35238125.sanae.vr2  2012-09-03UT07:01:25.949    36  2012-09-03UT07:01:25.995   127
 1 2012-09-03UT07_01_30.31558125.sanae.vr2  2012-09-03UT07:01:31.498    53
 2 2012-09-03UT07_01_30.31558125.sanae.vr2  2012-09-03UT07:01:31.680     2  2012-09-03UT07:01:31.720   110
 1 2012-09-03UT07_01_30.31558125.sanae.vr2  2012-09-03UT07:01:31.914    20
 1 2012-09-03UT07_01_30.31558125.sanae.vr2  2012-09-03UT07:01:32.488     2
 1 2012-09-03UT07_01_30.31558125.sanae.vr2  2012-09-03UT07:01:32.608    54
 1 2012-09-03UT07_01_30.31558125.sanae.vr2  2012-09-03UT07:01:33.138    40
 1 2012-09-03UT07_05_59.01318125.sanae.vr2  2012-09-03UT07:06:01.186    56
 2 2012-09-03UT07_05_59.01318125.sanae.vr2  2012-09-03UT07:06:01.368    42  2012-09-03UT07:06:01.412   140
 1 2012-09-03UT07_05_59.01318125.sanae.vr2  2012-09-03UT07:06:01.524    70
 1 2012-09-03UT07_06_31.88358125.sanae.vr2  2012-09-03UT07:06:34.287   138
 2 2012-09-03UT07_06_31.88358125.sanae.vr2  2012-09-03UT07:06:34.471    33  2012-09-03UT07:06:34.511   177
 1 2012-09-03UT07_14_27.32678125.sanae.vr2  2012-09-03UT07:14:29.700     3
 1 2012-09-03UT07_14_27.32678125.sanae.vr2  2012-09-03UT07:14:29.920    71
 1 2012-09-03UT07_14_27.32678125.sanae.vr2  2012-09-03UT07:14:30.086    20
 2 2012-09-03UT07_14_27.32678125.sanae.vr2  2012-09-03UT07:14:30.280     4  2012-09-03UT07:14:30.320   173
 1 2012-09-03UT07_21_26.04038125.sanae.vr2  2012-09-03UT07:21:28.420    53
 2 2012-09-03UT07_21_26.04038125.sanae.vr2  2012-09-03UT07:21:28.614     2  2012-09-03UT07:21:28.654   113
 2 2012-09-03UT07_21_26.04038125.sanae.vr2  2012-09-03UT07:21:33.166   120  2012-09-03UT07:21:33.246     7
 2 2012-09-03UT07_21_26.04038125.sanae.vr2  2012-09-03UT07:21:33.350   121  2012-09-03UT07:21:33.390   213
 1 2012-09-03UT07_21_26.04038125.sanae.vr2  2012-09-03UT07:21:34.190    20
 1 2012-09-03UT07_21_26.04038125.sanae.vr2  2012-09-03UT07:21:34.408    39
 1 2012-09-03UT07_31_26.61638125.sanae.vr2  2012-09-03UT07:31:27.668     5
 1 2012-09-03UT07_31_26.61638125.sanae.vr2  2012-09-03UT07:31:28.662    35
 2 2012-09-03UT07_31_26.61638125.sanae.vr2  2012-09-03UT07:31:28.858    84  2012-09-03UT07:31:28.896   113
 1 2012-09-03UT07_35_24.49158125.sanae.vr2  2012-09-03UT07:35:26.919    69
 2 2012-09-03UT07_35_24.49158125.sanae.vr2  2012-09-03UT07:35:27.097   106  2012-09-03UT07:35:27.139   243
 1 2012-09-03UT07_35_24.49158125.sanae.vr2  2012-09-03UT07:35:27.889    20
 2 2012-09-04UT10_04_05.37478125.sanae.vr2  2012-09-04UT10:04:07.780    82  2012-09-04UT10:04:07.808    30
 1 2012-09-05UT05_52_31.61478125.sanae.vr2  2012-09-05UT05:52:34.074    47
 2 2012-09-05UT05_52_31.61478125.sanae.vr2  2012-09-05UT05:52:34.186     9  2012-09-05UT05:52:34.206    11
 1 2012-09-05UT05_58_28.17158125.sanae.vr2  2012-09-05UT05:58:30.640    51
 1 2012-09-05UT05_58_28.17158125.sanae.vr2  2012-09-05UT05:58:30.818    59
 2 2012-09-05UT05_58_28.17158125.sanae.vr2  2012-09-05UT05:58:30.934   172  2012-09-05UT05:58:30.962     1
 1 2012-09-05UT06_10_54.46278125.sanae.vr2  2012-09-05UT06:10:56.762    48
 3 2012-09-05UT06_10_54.46278125.sanae.vr2  2012-09-05UT06:10:56.900   182  2012-09-05UT06:10:56.962    39  2012-09-05UT06:10:56.994     7
 2 2012-09-05UT06_11_33.47718125.sanae.vr2  2012-09-05UT06:11:35.851    44  2012-09-05UT06:11:35.873   120
 1 2012-09-05UT06_11_33.47718125.sanae.vr2  2012-09-05UT06:11:38.015    86
 1 2012-09-05UT06_11_33.47718125.sanae.vr2  2012-09-05UT06:11:38.143    23
 1 2012-09-05UT06_14_32.36998125.sanae.vr2  2012-09-05UT06:14:34.840    47
 3 2012-09-05UT06_14_32.36998125.sanae.vr2  2012-09-05UT06:14:34.958    88  2012-09-05UT06:14:34.980    73  2012-09-05UT06:14:35.045    16
 1 2012-09-05UT06_15_45.38118125.sanae.vr2  2012-09-05UT06:15:47.809   112
 1 2012-09-05UT06_15_45.38118125.sanae.vr2  2012-09-05UT06:15:47.959    16
 1 2012-09-05UT06_16_27.16038125.sanae.vr2  2012-09-05UT06:16:29.566    54
 1 2012-09-05UT06_16_27.16038125.sanae.vr2  2012-09-05UT06:16:29.712   144
 4 2012-09-05UT06_23_15.32678125.sanae.vr2  2012-09-05UT06:23:17.770    30  2012-09-05UT06:23:17.826    14  2012-09-05UT06:23:17.876   117  2012-09-05UT06:23:17.914    72
 1 2012-09-05UT06_34_47.03878125.sanae.vr2  2012-09-05UT06:34:49.432   177
 1 2012-09-05UT06_34_47.03878125.sanae.vr2  2012-09-05UT06:34:49.542    44
 2 2012-09-06UT04_05_24.68358125.sanae.vr2  2012-09-06UT04:05:27.061    58  2012-09-06UT04:05:27.095   116
 1 2012-09-06UT04_05_24.68358125.sanae.vr2  2012-09-06UT04:05:27.237   127
 3 2012-09-06UT04_05_24.68358125.sanae.vr2  2012-09-06UT04:05:29.099   109  2012-09-06UT04:05:29.191    94  2012-09-06UT04:05:29.265     4
 1 2012-09-06UT04_05_24.68358125.sanae.vr2  2012-09-06UT04:05:29.403    76
 1 2012-09-06UT06_47_44.97158125.sanae.vr2  2012-09-06UT06:47:48.423    33
 1 2012-09-06UT06_47_44.97158125.sanae.vr2  2012-09-06UT06:47:48.575    61
 1 2012-09-24UT03_36_30.43718117.sanae.vr2  2012-09-24UT03:36:32.898   105
 1 2012-09-28UT07_28_24.85638125.sanae.vr2  2012-09-28UT07:28:27.374    61
 2 2012-09-28UT07_30_36.95238125.sanae.vr2  2012-09-28UT07:30:39.291     5  2012-09-28UT07:30:39.347    39
 1 2012-09-29UT05_18_30.57798125.sanae.vr2  2012-09-29UT05:18:33.014    46
 1 2012-09-29UT05_18_30.57798125.sanae.vr2  2012-09-29UT05:18:33.126    16
 4 2012-09-29UT05_21_06.12358125.sanae.vr2  2012-09-29UT05:21:08.575   103  2012-09-29UT05:21:08.615    69  2012-09-29UT05:21:08.647    67  2012-09-29UT05:21:08.703    38
 2 2012-09-29UT05_21_06.12358125.sanae.vr2  2012-09-29UT05:21:09.309     2  2012-09-29UT05:21:09.407    17
 2 2012-09-29UT05_22_22.41158125.sanae.vr2  2012-09-29UT05:22:24.793    46  2012-09-29UT05:22:24.845    66
 1 2012-09-29UT05_22_22.41158125.sanae.vr2  2012-09-29UT05:22:27.125    34
 4 2012-09-29UT05_23_24.77318125.sanae.vr2  2012-09-29UT05:23:27.108    32  2012-09-29UT05:23:27.170     8  2012-09-29UT05:23:27.240    75  2012-09-29UT05:23:27.274     1
 2 2012-09-29UT05_30_21.74598125.sanae.vr2  2012-09-29UT05:30:24.140    73  2012-09-29UT05:30:24.230    21
 1 2012-09-29UT05_31_41.31078125.sanae.vr2  2012-09-29UT05:31:43.752    68
 2 2012-09-29UT05_35_27.71718125.sanae.vr2  2012-09-29UT05:35:30.186    53  2012-09-29UT05:35:30.224    56
 1 2012-09-29UT05_35_27.71718125.sanae.vr2  2012-09-29UT05:35:30.788     7
 2 2012-09-29UT05_35_27.71718125.sanae.vr2  2012-09-29UT05:35:31.382    10  2012-09-29UT05:35:31.442    10
 2 2012-09-29UT06_42_39.81958125.sanae.vr2  2012-09-29UT06:42:42.287    15  2012-09-29UT06:42:42.335    57
 1 2012-09-29UT06_42_39.81958125.sanae.vr2  2012-09-29UT06:42:42.543     3
 2 2012-09-29UT22_06_58.32838125.sanae.vr2  2012-09-29UT22:07:00.778    89  2012-09-29UT22:07:00.822    96
 2 2012-09-29UT22_06_58.32838125.sanae.vr2  2012-09-29UT22:07:00.994     1  2012-09-29UT22:07:01.056     2
 1 2012-09-29UT22_12_26.92998125.sanae.vr2  2012-09-29UT22:12:29.437    28
 1 2012-09-29UT22_16_05.24678125.sanae.vr2  2012-09-29UT22:16:06.173     1
 2 2012-09-29UT22_16_05.24678125.sanae.vr2  2012-09-29UT22:16:07.725    44  2012-09-29UT22:16:07.773    62
 4 2012-09-29UT22_17_37.09958125.sanae.vr2  2012-09-29UT22:17:39.557    44  2012-09-29UT22:17:39.623    66  2012-09-29UT22:17:39.657    70  2012-09-29UT22:17:39.721     2
 5 2012-09-29UT22_18_20.61958125.sanae.vr2  2012-09-29UT22:18:23.029   110  2012-09-29UT22:18:23.079   174  2012-09-29UT22:18:23.115     7  2012-09-29UT22:18:23.137   166  2012-09-29UT22:18:23.189    22
 1 2012-09-29UT22_18_20.61958125.sanae.vr2  2012-09-29UT22:18:23.299    20
 2 2012-09-29UT22_18_20.61958125.sanae.vr2  2012-09-29UT22:18:23.415    23  2012-09-29UT22:18:23.463     8
 7 2012-09-29UT22_19_27.17958125.sanae.vr2  2012-09-29UT22:19:29.647    57  2012-09-29UT22:19:29.733   119  2012-09-29UT22:19:29.785     9  2012-09-29UT22:19:29.819    41  2012-09-29UT22:19:29.877    75  2012-09-29UT22:19:29.907    53  2012-09-29UT22:19:29.985    66
 1 2012-09-29UT22_19_27.17958125.sanae.vr2  2012-09-29UT22:19:30.105    36
 1 2012-09-30UT01_01_15.62118125.sanae.vr2  2012-09-30UT01:01:18.068   114
 3 2012-09-30UT01_01_15.62118125.sanae.vr2  2012-09-30UT01:01:18.196   111  2012-09-30UT01:01:18.252   143  2012-09-30UT01:01:18.320    26
 3 2012-09-30UT01_34_21.56678125.sanae.vr2  2012-09-30UT01:34:23.934    22  2012-09-30UT01:34:24.026    73  2012-09-30UT01:34:24.056    20
 1 2012-09-30UT01_34_21.56678125.sanae.vr2  2012-09-30UT01:34:27.830    31
 4 2012-09-30UT01_34_21.56678125.sanae.vr2  2012-09-30UT01:34:27.962   152  2012-09-30UT01:34:28.014   208  2012-09-30UT01:34:28.046   155  2012-09-30UT01:34:28.142    29
 1 2012-09-30UT02_23_33.96358125.sanae.vr2  2012-09-30UT02:23:36.345    52
 1 2012-09-30UT02_29_30.31558125.sanae.vr2  2012-09-30UT02:29:30.739     5
 4 2012-09-30UT02_29_30.31558125.sanae.vr2  2012-09-30UT02:29:32.773   131  2012-09-30UT02:29:32.815     3  2012-09-30UT02:29:32.895    29  2012-09-30UT02:29:32.921    19
 1 2012-09-30UT05_42_08.51078125.sanae.vr2  2012-09-30UT05:42:10.994    32
 1 2012-09-30UT05_42_08.51078125.sanae.vr2  2012-09-30UT05:42:11.168    91
 1 2012-09-30UT05_42_08.51078125.sanae.vr2  2012-09-30UT05:42:11.350    10
 1 2012-09-30UT05_42_08.92038125.sanae.vr2  2012-09-30UT05:42:10.988    37
 1 2012-09-30UT05_42_08.92038125.sanae.vr2  2012-09-30UT05:42:11.138   100
 1 2012-09-30UT05_42_08.92038125.sanae.vr2  2012-09-30UT05:42:11.350     9
 2 2012-10-04UT09_48_46.94918117.sanae.vr2  2012-10-04UT09:48:49.330    59  2012-10-04UT09:48:49.404    10
 2 2012-10-05UT04_05_45.98278117.sanae.vr2  2012-10-05UT04:05:48.355    67  2012-10-05UT04:05:48.415   145
 2 2012-10-05UT04_05_45.98278117.sanae.vr2  2012-10-05UT04:05:48.525   118  2012-10-05UT04:05:48.579   178
 2 2012-10-05UT04_05_45.98278117.sanae.vr2  2012-10-05UT04:05:48.703   163  2012-10-05UT04:05:48.737   168
 1 2012-10-05UT04_05_45.98278117.sanae.vr2  2012-10-05UT04:05:48.897    14
 2 2012-10-05UT04_07_27.66598117.sanae.vr2  2012-10-05UT04:07:30.010    49  2012-10-05UT04:07:30.072    96
 1 2012-10-05UT04_07_27.66598117.sanae.vr2  2012-10-05UT04:07:30.234    20
 2 2012-10-05UT04_07_27.66598117.sanae.vr2  2012-10-05UT04:07:30.362    35  2012-10-05UT04:07:30.396    81
 1 2012-10-05UT04_07_27.66598117.sanae.vr2  2012-10-05UT04:07:30.552    31
 1 2012-10-05UT04_46_56.28038117.sanae.vr2  2012-10-05UT04:46:58.676    66
 2 2012-10-05UT04_46_56.28038117.sanae.vr2  2012-10-05UT04:46:58.972    19  2012-10-05UT04:46:58.996    74
 1 2012-10-11UT09_28_36.88838125.sanae.vr2  2012-10-11UT09:28:39.364    25
 2 2012-10-11UT09_28_36.88838125.sanae.vr2  2012-10-11UT09:28:39.534    38  2012-10-11UT09:28:39.568    41
 1 2012-10-11UT09_28_36.88838125.sanae.vr2  2012-10-11UT09:28:40.800     8
 1 2012-10-11UT09_31_51.85798125.sanae.vr2  2012-10-11UT09:31:54.266    27
 2 2012-10-11UT09_31_51.85798125.sanae.vr2  2012-10-11UT09:31:54.440    71  2012-10-11UT09:31:54.472   119
 1 2012-10-11UT09_31_51.85798125.sanae.vr2  2012-10-11UT09:31:55.474    45
 2 2012-10-11UT09_33_46.03398125.sanae.vr2  2012-10-11UT09:33:48.450    19  2012-10-11UT09:33:48.486     7
 2 2012-10-11UT09_33_46.03398125.sanae.vr2  2012-10-11UT09:33:48.684    45  2012-10-11UT09:33:48.718    20
 2 2012-10-11UT09_37_06.12358125.sanae.vr2  2012-10-11UT09:37:08.519    57  2012-10-11UT09:37:08.549    13
 2 2012-10-11UT09_45_17.84838125.sanae.vr2  2012-10-11UT09:45:20.426    77  2012-10-11UT09:45:20.462    56
 2 2012-10-11UT09_45_17.84838125.sanae.vr2  2012-10-11UT09:45:20.650    95  2012-10-11UT09:45:20.688    56
 1 2012-10-11UT09_45_17.84838125.sanae.vr2  2012-10-11UT09:45:21.078     1
